<?xml version="1.0" encoding="UTF-8" ?>
<testsuite tests="1" failures="0" name="organ.OrganInfoFacadeTest" time="0.005" errors="1" skipped="0">
  <properties>
[...]
</properties>
  <testcase classname="organ.OrganInfoFacadeTest" name="queryOrganInfoList" time="0.005">
    <error message="Failed to load ApplicationContext" type="java.lang.IllegalStateException">java.lang.IllegalStateException: Failed to load ApplicationContext
	at org.springframework.test.context.cache.DefaultCacheAwareContextLoaderDelegate.loadContext(DefaultCacheAwareContextLoaderDelegate.java:124)
	at org.springframework.test.context.support.DefaultTestContext.getApplicationContext(DefaultTestContext.java:83)
	at org.springframework.test.context.support.DependencyInjectionTestExecutionListener.injectDependencies(DependencyInjectionTestExecutionListener.java:117)
	at org.springframework.test.context.support.DependencyInjectionTestExecutionListener.prepareTestInstance(DependencyInjectionTestExecutionListener.java:83)
	at org.springframework.test.context.TestContextManager.prepareTestInstance(TestContextManager.java:230)
	at org.springframework.test.context.junit4.SpringJUnit4ClassRunner.createTest(SpringJUnit4ClassRunner.java:228)
	at org.springframework.test.context.junit4.SpringJUnit4ClassRunner$1.runReflectiveCall(SpringJUnit4ClassRunner.java:287)
	at org.junit.internal.runners.model.ReflectiveCallable.run(ReflectiveCallable.java:12)
	at org.springframework.test.context.junit4.SpringJUnit4ClassRunner.methodBlock(SpringJUnit4ClassRunner.java:289)
	at org.springframework.test.context.junit4.SpringJUnit4ClassRunner.runChild(SpringJUnit4ClassRunner.java:247)
	at org.springframework.test.context.junit4.SpringJUnit4ClassRunner.runChild(SpringJUnit4ClassRunner.java:94)
	at org.junit.runners.ParentRunner$3.run(ParentRunner.java:290)
	at org.junit.runners.ParentRunner$1.schedule(ParentRunner.java:71)
	at org.junit.runners.ParentRunner.runChildren(ParentRunner.java:288)
	at org.junit.runners.ParentRunner.access$000(ParentRunner.java:58)
	at org.junit.runners.ParentRunner$2.evaluate(ParentRunner.java:268)
	at org.junit.internal.runners.statements.RunBefores.evaluate(RunBefores.java:26)
	at org.springframework.test.context.junit4.statements.RunBeforeTestClassCallbacks.evaluate(RunBeforeTestClassCallbacks.java:61)
	at org.junit.internal.runners.statements.RunAfters.evaluate(RunAfters.java:27)
	at org.springframework.test.context.junit4.statements.RunAfterTestClassCallbacks.evaluate(RunAfterTestClassCallbacks.java:70)
	at org.junit.runners.ParentRunner.run(ParentRunner.java:363)
	at org.springframework.test.context.junit4.SpringJUnit4ClassRunner.run(SpringJUnit4ClassRunner.java:191)
	at org.apache.maven.surefire.junit4.JUnit4Provider.execute(JUnit4Provider.java:252)
	at org.apache.maven.surefire.junit4.JUnit4Provider.executeTestSet(JUnit4Provider.java:141)
	at org.apache.maven.surefire.junit4.JUnit4Provider.invoke(JUnit4Provider.java:112)
	at sun.reflect.NativeMethodAccessorImpl.invoke0(Native Method)
	at sun.reflect.NativeMethodAccessorImpl.invoke(NativeMethodAccessorImpl.java:62)
	at sun.reflect.DelegatingMethodAccessorImpl.invoke(DelegatingMethodAccessorImpl.java:43)
	at java.lang.reflect.Method.invoke(Method.java:498)
	at org.apache.maven.surefire.util.ReflectionUtils.invokeMethodWithArray(ReflectionUtils.java:189)
	at org.apache.maven.surefire.booter.ProviderFactory$ProviderProxy.invoke(ProviderFactory.java:165)
	at org.apache.maven.surefire.booter.ProviderFactory.invokeProvider(ProviderFactory.java:85)
	at org.apache.maven.surefire.booter.ForkedBooter.runSuitesInProcess(ForkedBooter.java:115)
	at org.apache.maven.surefire.booter.ForkedBooter.main(ForkedBooter.java:75)
Caused by: org.springframework.beans.factory.BeanCreationException: Error creating bean with name &apos;com.msjf.finance.pas.facade.organ.OrganInfoFacade&apos;: Cannot resolve reference to bean &apos;organInfoFacade&apos; while setting bean property &apos;ref&apos;; nested exception is org.springframework.beans.factory.BeanCreationException: Error creating bean with name &apos;organInfoFacade&apos;: Injection of resource dependencies failed; nested exception is org.springframework.beans.factory.BeanCreationException: Error creating bean with name &apos;organInfoService&apos;: Injection of resource dependencies failed; nested exception is org.springframework.beans.factory.NoSuchBeanDefinitionException: No qualifying bean of type [com.msjf.finance.pas.modules.organ.dao.OrganInfoDao] found for dependency [com.msjf.finance.pas.modules.organ.dao.OrganInfoDao]: expected at least 1 bean which qualifies as autowire candidate for this dependency. Dependency annotations: {@javax.annotation.Resource(shareable=true, lookup=, name=, description=, authenticationType=CONTAINER, type=class java.lang.Object, mappedName=)}
	at org.springframework.beans.factory.support.BeanDefinitionValueResolver.resolveReference(BeanDefinitionValueResolver.java:359)
	at org.springframework.beans.factory.support.BeanDefinitionValueResolver.resolveValueIfNecessary(BeanDefinitionValueResolver.java:108)
	at org.springframework.beans.factory.support.AbstractAutowireCapableBeanFactory.applyPropertyValues(AbstractAutowireCapableBeanFactory.java:1481)
	at org.springframework.beans.factory.support.AbstractAutowireCapableBeanFactory.populateBean(AbstractAutowireCapableBeanFactory.java:1226)
	at org.springframework.beans.factory.support.AbstractAutowireCapableBeanFactory.doCreateBean(AbstractAutowireCapableBeanFactory.java:543)
	at org.springframework.beans.factory.support.AbstractAutowireCapableBeanFactory.createBean(AbstractAutowireCapableBeanFactory.java:482)
	at org.springframework.beans.factory.support.AbstractBeanFactory$1.getObject(AbstractBeanFactory.java:306)
	at org.springframework.beans.factory.support.DefaultSingletonBeanRegistry.getSingleton(DefaultSingletonBeanRegistry.java:230)
	at org.springframework.beans.factory.support.AbstractBeanFactory.doGetBean(AbstractBeanFactory.java:302)
	at org.springframework.beans.factory.support.AbstractBeanFactory.getBean(AbstractBeanFactory.java:197)
	at org.springframework.beans.factory.support.DefaultListableBeanFactory.preInstantiateSingletons(DefaultListableBeanFactory.java:776)
	at org.springframework.context.support.AbstractApplicationContext.finishBeanFactoryInitialization(AbstractApplicationContext.java:861)
	at org.springframework.context.support.AbstractApplicationContext.refresh(AbstractApplicationContext.java:541)
	at org.springframework.test.context.support.AbstractGenericContextLoader.loadContext(AbstractGenericContextLoader.java:128)
	at org.springframework.test.context.support.AbstractGenericContextLoader.loadContext(AbstractGenericContextLoader.java:60)
	at org.springframework.test.context.support.AbstractDelegatingSmartContextLoader.delegateLoading(AbstractDelegatingSmartContextLoader.java:108)
	at org.springframework.test.context.support.AbstractDelegatingSmartContextLoader.loadContext(AbstractDelegatingSmartContextLoader.java:251)
	at org.springframework.test.context.cache.DefaultCacheAwareContextLoaderDelegate.loadContextInternal(DefaultCacheAwareContextLoaderDelegate.java:98)
	at org.springframework.test.context.cache.DefaultCacheAwareContextLoaderDelegate.loadContext(DefaultCacheAwareContextLoaderDelegate.java:116)
	... 33 more
Caused by: org.springframework.beans.factory.BeanCreationException: Error creating bean with name &apos;organInfoFacade&apos;: Injection of resource dependencies failed; nested exception is org.springframework.beans.factory.BeanCreationException: Error creating bean with name &apos;organInfoService&apos;: Injection of resource dependencies failed; nested exception is org.springframework.beans.factory.NoSuchBeanDefinitionException: No qualifying bean of type [com.msjf.finance.pas.modules.organ.dao.OrganInfoDao] found for dependency [com.msjf.finance.pas.modules.organ.dao.OrganInfoDao]: expected at least 1 bean which qualifies as autowire candidate for this dependency. Dependency annotations: {@javax.annotation.Resource(shareable=true, lookup=, name=, description=, authenticationType=CONTAINER, type=class java.lang.Object, mappedName=)}
	at org.springframework.context.annotation.CommonAnnotationBeanPostProcessor.postProcessPropertyValues(CommonAnnotationBeanPostProcessor.java:321)
	at org.springframework.beans.factory.support.AbstractAutowireCapableBeanFactory.populateBean(AbstractAutowireCapableBeanFactory.java:1214)
	at org.springframework.beans.factory.support.AbstractAutowireCapableBeanFactory.doCreateBean(AbstractAutowireCapableBeanFactory.java:543)
	at org.springframework.beans.factory.support.AbstractAutowireCapableBeanFactory.createBean(AbstractAutowireCapableBeanFactory.java:482)
	at org.springframework.beans.factory.support.AbstractBeanFactory$1.getObject(AbstractBeanFactory.java:306)
	at org.springframework.beans.factory.support.DefaultSingletonBeanRegistry.getSingleton(DefaultSingletonBeanRegistry.java:230)
	at org.springframework.beans.factory.support.AbstractBeanFactory.doGetBean(AbstractBeanFactory.java:302)
	at org.springframework.beans.factory.support.AbstractBeanFactory.getBean(AbstractBeanFactory.java:197)
	at org.springframework.beans.factory.support.BeanDefinitionValueResolver.resolveReference(BeanDefinitionValueResolver.java:351)
	... 51 more
Caused by: org.springframework.beans.factory.BeanCreationException: Error creating bean with name &apos;organInfoService&apos;: Injection of resource dependencies failed; nested exception is org.springframework.beans.factory.NoSuchBeanDefinitionException: No qualifying bean of type [com.msjf.finance.pas.modules.organ.dao.OrganInfoDao] found for dependency [com.msjf.finance.pas.modules.organ.dao.OrganInfoDao]: expected at least 1 bean which qualifies as autowire candidate for this dependency. Dependency annotations: {@javax.annotation.Resource(shareable=true, lookup=, name=, description=, authenticationType=CONTAINER, type=class java.lang.Object, mappedName=)}
	at org.springframework.context.annotation.CommonAnnotationBeanPostProcessor.postProcessPropertyValues(CommonAnnotationBeanPostProcessor.java:321)
	at org.springframework.beans.factory.support.AbstractAutowireCapableBeanFactory.populateBean(AbstractAutowireCapableBeanFactory.java:1214)
	at org.springframework.beans.factory.support.AbstractAutowireCapableBeanFactory.doCreateBean(AbstractAutowireCapableBeanFactory.java:543)
	at org.springframework.beans.factory.support.AbstractAutowireCapableBeanFactory.createBean(AbstractAutowireCapableBeanFactory.java:482)
	at org.springframework.beans.factory.support.AbstractBeanFactory$1.getObject(AbstractBeanFactory.java:306)
	at org.springframework.beans.factory.support.DefaultSingletonBeanRegistry.getSingleton(DefaultSingletonBeanRegistry.java:230)
	at org.springframework.beans.factory.support.AbstractBeanFactory.doGetBean(AbstractBeanFactory.java:302)
	at org.springframework.beans.factory.support.AbstractBeanFactory.getBean(AbstractBeanFactory.java:202)
	at org.springframework.context.annotation.CommonAnnotationBeanPostProcessor.autowireResource(CommonAnnotationBeanPostProcessor.java:522)
	at org.springframework.context.annotation.CommonAnnotationBeanPostProcessor.getResource(CommonAnnotationBeanPostProcessor.java:496)
	at org.springframework.context.annotation.CommonAnnotationBeanPostProcessor$ResourceElement.getResourceToInject(CommonAnnotationBeanPostProcessor.java:627)
	at org.springframework.beans.factory.annotation.InjectionMetadata$InjectedElement.inject(InjectionMetadata.java:169)
	at org.springframework.beans.factory.annotation.InjectionMetadata.inject(InjectionMetadata.java:88)
	at org.springframework.context.annotation.CommonAnnotationBeanPostProcessor.postProcessPropertyValues(CommonAnnotationBeanPostProcessor.java:318)
	... 59 more
Caused by: org.springframework.beans.factory.NoSuchBeanDefinitionException: No qualifying bean of type [com.msjf.finance.pas.modules.organ.dao.OrganInfoDao] found for dependency [com.msjf.finance.pas.modules.organ.dao.OrganInfoDao]: expected at least 1 bean which qualifies as autowire candidate for this dependency. Dependency annotations: {@javax.annotation.Resource(shareable=true, lookup=, name=, description=, authenticationType=CONTAINER, type=class java.lang.Object, mappedName=)}
	at org.springframework.beans.factory.support.DefaultListableBeanFactory.raiseNoMatchingBeanFound(DefaultListableBeanFactory.java:1406)
	at org.springframework.beans.factory.support.DefaultListableBeanFactory.doResolveDependency(DefaultListableBeanFactory.java:1057)
	at org.springframework.beans.factory.support.DefaultListableBeanFactory.resolveDependency(DefaultListableBeanFactory.java:1019)
	at org.springframework.context.annotation.CommonAnnotationBeanPostProcessor.autowireResource(CommonAnnotationBeanPostProcessor.java:518)
	at org.springframework.context.annotation.CommonAnnotationBeanPostProcessor.getResource(CommonAnnotationBeanPostProcessor.java:496)
	at org.springframework.context.annotation.CommonAnnotationBeanPostProcessor$ResourceElement.getResourceToInject(CommonAnnotationBeanPostProcessor.java:627)
	at org.springframework.beans.factory.annotation.InjectionMetadata$InjectedElement.inject(InjectionMetadata.java:169)
	at org.springframework.beans.factory.annotation.InjectionMetadata.inject(InjectionMetadata.java:88)
	at org.springframework.context.annotation.CommonAnnotationBeanPostProcessor.postProcessPropertyValues(CommonAnnotationBeanPostProcessor.java:318)
	... 72 more
</error>
    <system-out>15:11:50,277 |-INFO in ch.qos.logback.classic.LoggerContext[default] - Could NOT find resource [logback.groovy]
15:11:50,277 |-INFO in ch.qos.logback.classic.LoggerContext[default] - Could NOT find resource [logback-test.xml]
15:11:50,277 |-INFO in ch.qos.logback.classic.LoggerContext[default] - Found resource [logback.xml] at [file:/D:/msjf-pas/pas-core/target/classes/logback.xml]
15:11:50,374 |-INFO in ch.qos.logback.core.joran.action.AppenderAction - About to instantiate appender of type [ch.qos.logback.core.ConsoleAppender]
15:11:50,376 |-INFO in ch.qos.logback.core.joran.action.AppenderAction - Naming appender as [STDOUT]
15:11:50,400 |-INFO in ch.qos.logback.core.joran.action.AppenderAction - About to instantiate appender of type [ch.qos.logback.core.rolling.RollingFileAppender]
15:11:50,402 |-INFO in ch.qos.logback.core.joran.action.AppenderAction - Naming appender as [DEFAULT-APPENDER]
15:11:50,411 |-INFO in c.q.l.core.rolling.TimeBasedRollingPolicy@1900164709 - No compression will be used
15:11:50,412 |-INFO in c.q.l.core.rolling.TimeBasedRollingPolicy@1900164709 - Will use the pattern catalina.base_IS_UNDEFINED/logs/common-default-%d{yyyy-MM-dd}.log for the active file
15:11:50,415 |-INFO in c.q.l.core.rolling.DefaultTimeBasedFileNamingAndTriggeringPolicy - The date pattern is &apos;yyyy-MM-dd&apos; from file name pattern &apos;catalina.base_IS_UNDEFINED/logs/common-default-%d{yyyy-MM-dd}.log&apos;.
15:11:50,415 |-INFO in c.q.l.core.rolling.DefaultTimeBasedFileNamingAndTriggeringPolicy - Roll-over at midnight.
15:11:50,418 |-INFO in c.q.l.core.rolling.DefaultTimeBasedFileNamingAndTriggeringPolicy - Setting initial period to Sat Dec 22 15:11:50 CST 2018
15:11:50,420 |-INFO in ch.qos.logback.core.rolling.RollingFileAppender[DEFAULT-APPENDER] - Active log file name: catalina.base_IS_UNDEFINED/logs/common-default.log
15:11:50,420 |-INFO in ch.qos.logback.core.rolling.RollingFileAppender[DEFAULT-APPENDER] - File property is set to [catalina.base_IS_UNDEFINED/logs/common-default.log]
15:11:50,423 |-INFO in ch.qos.logback.core.joran.action.AppenderAction - About to instantiate appender of type [ch.qos.logback.core.rolling.RollingFileAppender]
15:11:50,423 |-INFO in ch.qos.logback.core.joran.action.AppenderAction - Naming appender as [INFO-APPENDER]
15:11:50,424 |-INFO in c.q.l.core.rolling.TimeBasedRollingPolicy@1262822392 - No compression will be used
15:11:50,424 |-INFO in c.q.l.core.rolling.TimeBasedRollingPolicy@1262822392 - Will use the pattern catalina.base_IS_UNDEFINED/logs/info-log-%d{yyyy-MM-dd}.log for the active file
15:11:50,425 |-INFO in c.q.l.core.rolling.DefaultTimeBasedFileNamingAndTriggeringPolicy - The date pattern is &apos;yyyy-MM-dd&apos; from file name pattern &apos;catalina.base_IS_UNDEFINED/logs/info-log-%d{yyyy-MM-dd}.log&apos;.
15:11:50,425 |-INFO in c.q.l.core.rolling.DefaultTimeBasedFileNamingAndTriggeringPolicy - Roll-over at midnight.
15:11:50,426 |-INFO in c.q.l.core.rolling.DefaultTimeBasedFileNamingAndTriggeringPolicy - Setting initial period to Sat Dec 22 15:11:50 CST 2018
15:11:50,426 |-INFO in ch.qos.logback.core.rolling.RollingFileAppender[INFO-APPENDER] - Active log file name: catalina.base_IS_UNDEFINED/logs/info-log.log
15:11:50,426 |-INFO in ch.qos.logback.core.rolling.RollingFileAppender[INFO-APPENDER] - File property is set to [catalina.base_IS_UNDEFINED/logs/info-log.log]
15:11:50,428 |-INFO in ch.qos.logback.classic.joran.action.LoggerAction - Setting level of logger [com.only.mate] to DEBUG
15:11:50,428 |-INFO in ch.qos.logback.classic.joran.action.LoggerAction - Setting additivity of logger [com.only.mate] to true
15:11:50,428 |-INFO in ch.qos.logback.core.joran.action.AppenderRefAction - Attaching appender named [INFO-APPENDER] to Logger[com.only.mate]
15:11:50,429 |-INFO in ch.qos.logback.classic.joran.action.LoggerAction - Setting level of logger [dao] to DEBUG
15:11:50,429 |-INFO in ch.qos.logback.core.joran.action.AppenderRefAction - Attaching appender named [INFO-APPENDER] to Logger[dao]
15:11:50,429 |-INFO in ch.qos.logback.classic.joran.action.RootLoggerAction - Setting level of ROOT logger to DEBUG
15:11:50,429 |-INFO in ch.qos.logback.core.joran.action.AppenderRefAction - Attaching appender named [STDOUT] to Logger[ROOT]
15:11:50,429 |-INFO in ch.qos.logback.core.joran.action.AppenderRefAction - Attaching appender named [DEFAULT-APPENDER] to Logger[ROOT]
15:11:50,429 |-INFO in ch.qos.logback.classic.joran.action.ConfigurationAction - End of configuration.
15:11:50,430 |-INFO in ch.qos.logback.classic.joran.JoranConfigurator@6325a3ee - Registering current configuration as safe fallback point
2018-12-22 15:11:50.459 ��ʱ��202 ��־���ԣ�o.s.test.context.junit4.SpringJUnit4ClassRunner ��־����: DEBUG ��־���ݣ�SpringJUnit4ClassRunner constructor called with [class organ.OrganInfoFacadeTest]
2018-12-22 15:11:50.463 ��ʱ��206 ��־���ԣ�org.springframework.test.context.BootstrapUtils ��־����: DEBUG ��־���ݣ�Instantiating CacheAwareContextLoaderDelegate from class [org.springframework.test.context.cache.DefaultCacheAwareContextLoaderDelegate]
2018-12-22 15:11:50.468 ��ʱ��211 ��־���ԣ�org.springframework.test.context.BootstrapUtils ��־����: DEBUG ��־���ݣ�Instantiating BootstrapContext using constructor [public org.springframework.test.context.support.DefaultBootstrapContext(java.lang.Class,org.springframework.test.context.CacheAwareContextLoaderDelegate)]
2018-12-22 15:11:50.474 ��ʱ��217 ��־���ԣ�org.springframework.test.context.BootstrapUtils ��־����: DEBUG ��־���ݣ�Instantiating TestContextBootstrapper for test class [organ.OrganInfoFacadeTest] from class [org.springframework.test.context.support.DefaultTestContextBootstrapper]
2018-12-22 15:11:50.491 ��ʱ��234 ��־���ԣ�o.s.t.c.s.AbstractDelegatingSmartContextLoader ��־����: DEBUG ��־���ݣ�Delegating to GenericXmlContextLoader to process context configuration [ContextConfigurationAttributes@24a35978 declaringClass = &apos;com.msjf.finance.pas.common.test.SpringTestCase&apos;, classes = &apos;{}&apos;, locations = &apos;{classpath:/applicationContext.xml}&apos;, inheritLocations = true, initializers = &apos;{}&apos;, inheritInitializers = true, name = [null], contextLoaderClass = &apos;org.springframework.test.context.ContextLoader&apos;].
2018-12-22 15:11:50.500 ��ʱ��243 ��־���ԣ�o.s.test.context.support.ActiveProfilesUtils ��־����: DEBUG ��־���ݣ�Could not find an &apos;annotation declaring class&apos; for annotation type [org.springframework.test.context.ActiveProfiles] and class [organ.OrganInfoFacadeTest]
2018-12-22 15:11:50.502 ��ʱ��245 ��־���ԣ�o.s.t.c.support.DefaultTestContextBootstrapper ��־����: INFO  ��־���ݣ�Could not instantiate TestExecutionListener [org.springframework.test.context.web.ServletTestExecutionListener]. Specify custom listener classes or make the default listener classes (and their required dependencies) available. Offending class: [javax/servlet/ServletContext]
2018-12-22 15:11:50.503 ��ʱ��246 ��־���ԣ�o.s.t.c.support.DefaultTestContextBootstrapper ��־����: INFO  ��־���ݣ�Using TestExecutionListeners: [org.springframework.test.context.support.DirtiesContextBeforeModesTestExecutionListener@5f71c76a, org.springframework.test.context.support.DependencyInjectionTestExecutionListener@1d7acb34, org.springframework.test.context.support.DirtiesContextTestExecutionListener@48a242ce]
2018-12-22 15:11:50.505 ��ʱ��248 ��־���ԣ�o.s.test.annotation.ProfileValueUtils ��־����: DEBUG ��־���ݣ�Retrieved @ProfileValueSourceConfiguration [null] for test class [organ.OrganInfoFacadeTest]
2018-12-22 15:11:50.505 ��ʱ��248 ��־���ԣ�o.s.test.annotation.ProfileValueUtils ��־����: DEBUG ��־���ݣ�Retrieved ProfileValueSource type [class org.springframework.test.annotation.SystemProfileValueSource] for class [organ.OrganInfoFacadeTest]
2018-12-22 15:11:50.506 ��ʱ��249 ��־���ԣ�o.s.test.annotation.ProfileValueUtils ��־����: DEBUG ��־���ݣ�Retrieved @ProfileValueSourceConfiguration [null] for test class [organ.OrganInfoFacadeTest]
2018-12-22 15:11:50.506 ��ʱ��249 ��־���ԣ�o.s.test.annotation.ProfileValueUtils ��־����: DEBUG ��־���ݣ�Retrieved ProfileValueSource type [class org.springframework.test.annotation.SystemProfileValueSource] for class [organ.OrganInfoFacadeTest]
2018-12-22 15:11:50.508 ��ʱ��251 ��־���ԣ�o.s.t.c.s.AbstractDirtiesContextTestExecutionListener ��־����: DEBUG ��־���ݣ�Before test class: context [DefaultTestContext@2bea5ab4 testClass = OrganInfoFacadeTest, testInstance = [null], testMethod = [null], testException = [null], mergedContextConfiguration = [MergedContextConfiguration@3d8314f0 testClass = OrganInfoFacadeTest, locations = &apos;{classpath:/applicationContext.xml}&apos;, classes = &apos;{}&apos;, contextInitializerClasses = &apos;[]&apos;, activeProfiles = &apos;{}&apos;, propertySourceLocations = &apos;{}&apos;, propertySourceProperties = &apos;{}&apos;, contextCustomizers = set[[empty]], contextLoader = &apos;org.springframework.test.context.support.DelegatingSmartContextLoader&apos;, parent = [null]]], class annotated with @DirtiesContext [false] with mode [null].
2018-12-22 15:11:50.510 ��ʱ��253 ��־���ԣ�o.s.test.annotation.ProfileValueUtils ��־����: DEBUG ��־���ݣ�Retrieved @ProfileValueSourceConfiguration [null] for test class [organ.OrganInfoFacadeTest]
2018-12-22 15:11:50.510 ��ʱ��253 ��־���ԣ�o.s.test.annotation.ProfileValueUtils ��־����: DEBUG ��־���ݣ�Retrieved ProfileValueSource type [class org.springframework.test.annotation.SystemProfileValueSource] for class [organ.OrganInfoFacadeTest]
2018-12-22 15:11:50.511 ��ʱ��254 ��־���ԣ�o.s.t.c.s.DependencyInjectionTestExecutionListener ��־����: DEBUG ��־���ݣ�Performing dependency injection for test context [[DefaultTestContext@2bea5ab4 testClass = OrganInfoFacadeTest, testInstance = organ.OrganInfoFacadeTest@101df177, testMethod = [null], testException = [null], mergedContextConfiguration = [MergedContextConfiguration@3d8314f0 testClass = OrganInfoFacadeTest, locations = &apos;{classpath:/applicationContext.xml}&apos;, classes = &apos;{}&apos;, contextInitializerClasses = &apos;[]&apos;, activeProfiles = &apos;{}&apos;, propertySourceLocations = &apos;{}&apos;, propertySourceProperties = &apos;{}&apos;, contextCustomizers = set[[empty]], contextLoader = &apos;org.springframework.test.context.support.DelegatingSmartContextLoader&apos;, parent = [null]]]].
2018-12-22 15:11:50.512 ��ʱ��255 ��־���ԣ�o.s.t.c.s.AbstractDelegatingSmartContextLoader ��־����: DEBUG ��־���ݣ�Delegating to GenericXmlContextLoader to load context from [MergedContextConfiguration@3d8314f0 testClass = OrganInfoFacadeTest, locations = &apos;{classpath:/applicationContext.xml}&apos;, classes = &apos;{}&apos;, contextInitializerClasses = &apos;[]&apos;, activeProfiles = &apos;{}&apos;, propertySourceLocations = &apos;{}&apos;, propertySourceProperties = &apos;{}&apos;, contextCustomizers = set[[empty]], contextLoader = &apos;org.springframework.test.context.support.DelegatingSmartContextLoader&apos;, parent = [null]].
2018-12-22 15:11:50.512 ��ʱ��255 ��־���ԣ�o.s.t.context.support.AbstractGenericContextLoader ��־����: DEBUG ��־���ݣ�Loading ApplicationContext for merged context configuration [[MergedContextConfiguration@3d8314f0 testClass = OrganInfoFacadeTest, locations = &apos;{classpath:/applicationContext.xml}&apos;, classes = &apos;{}&apos;, contextInitializerClasses = &apos;[]&apos;, activeProfiles = &apos;{}&apos;, propertySourceLocations = &apos;{}&apos;, propertySourceProperties = &apos;{}&apos;, contextCustomizers = set[[empty]], contextLoader = &apos;org.springframework.test.context.support.DelegatingSmartContextLoader&apos;, parent = [null]]].
2018-12-22 15:11:50.564 ��ʱ��307 ��־���ԣ�org.springframework.core.env.StandardEnvironment ��־����: DEBUG ��־���ݣ�Adding [systemProperties] PropertySource with lowest search precedence
2018-12-22 15:11:50.564 ��ʱ��307 ��־���ԣ�org.springframework.core.env.StandardEnvironment ��־����: DEBUG ��־���ݣ�Adding [systemEnvironment] PropertySource with lowest search precedence
2018-12-22 15:11:50.564 ��ʱ��307 ��־���ԣ�org.springframework.core.env.StandardEnvironment ��־����: DEBUG ��־���ݣ�Initialized StandardEnvironment with PropertySources [systemProperties,systemEnvironment]
2018-12-22 15:11:50.569 ��ʱ��312 ��־���ԣ�o.s.beans.factory.xml.XmlBeanDefinitionReader ��־����: INFO  ��־���ݣ�Loading XML bean definitions from class path resource [applicationContext.xml]
2018-12-22 15:11:50.573 ��ʱ��316 ��־���ԣ�o.s.beans.factory.xml.DefaultDocumentLoader ��־����: DEBUG ��־���ݣ�Using JAXP provider [com.sun.org.apache.xerces.internal.jaxp.DocumentBuilderFactoryImpl]
2018-12-22 15:11:50.598 ��ʱ��341 ��־���ԣ�o.s.beans.factory.xml.PluggableSchemaResolver ��־����: DEBUG ��־���ݣ�Loading schema mappings from [META-INF/spring.schemas]
2018-12-22 15:11:50.600 ��ʱ��343 ��־���ԣ�o.s.beans.factory.xml.PluggableSchemaResolver ��־����: DEBUG ��־���ݣ�Loaded schema mappings: {http://www.springframework.org/schema/tx/spring-tx-2.5.xsd=org/springframework/transaction/config/spring-tx-2.5.xsd, http://www.springframework.org/schema/tx/spring-tx-4.3.xsd=org/springframework/transaction/config/spring-tx-4.3.xsd, http://www.springframework.org/schema/cache/spring-cache-4.2.xsd=org/springframework/cache/config/spring-cache-4.2.xsd, http://www.springframework.org/schema/aop/spring-aop-4.1.xsd=org/springframework/aop/config/spring-aop-4.1.xsd, http://www.springframework.org/schema/context/spring-context-3.1.xsd=org/springframework/context/config/spring-context-3.1.xsd, http://www.springframework.org/schema/jdbc/spring-jdbc-4.1.xsd=org/springframework/jdbc/config/spring-jdbc-4.1.xsd, http://www.springframework.org/schema/util/spring-util-3.0.xsd=org/springframework/beans/factory/xml/spring-util-3.0.xsd, http://mybatis.org/schema/mybatis-spring-1.2.xsd=org/mybatis/spring/config/mybatis-spring-1.2.xsd, http://www.springframework.org/schema/tool/spring-tool.xsd=org/springframework/beans/factory/xml/spring-tool-4.3.xsd, http://www.springframework.org/schema/aop/spring-aop-3.2.xsd=org/springframework/aop/config/spring-aop-3.2.xsd, http://www.springframework.org/schema/lang/spring-lang-4.1.xsd=org/springframework/scripting/config/spring-lang-4.1.xsd, http://www.springframework.org/schema/context/spring-context-4.0.xsd=org/springframework/context/config/spring-context-4.0.xsd, http://www.springframework.org/schema/beans/spring-beans-4.2.xsd=org/springframework/beans/factory/xml/spring-beans-4.2.xsd, http://www.springframework.org/schema/tool/spring-tool-4.1.xsd=org/springframework/beans/factory/xml/spring-tool-4.1.xsd, http://www.springframework.org/schema/lang/spring-lang-3.2.xsd=org/springframework/scripting/config/spring-lang-3.2.xsd, http://www.springframework.org/schema/cache/spring-cache-3.2.xsd=org/springframework/cache/config/spring-cache-3.2.xsd, http://www.springframework.org/schema/jee/spring-jee-4.1.xsd=org/springframework/ejb/config/spring-jee-4.1.xsd, http://www.springframework.org/schema/jdbc/spring-jdbc-3.1.xsd=org/springframework/jdbc/config/spring-jdbc-3.1.xsd, http://www.springframework.org/schema/util/spring-util-2.0.xsd=org/springframework/beans/factory/xml/spring-util-2.0.xsd, http://www.springframework.org/schema/task/spring-task-4.2.xsd=org/springframework/scheduling/config/spring-task-4.2.xsd, http://www.springframework.org/schema/tool/spring-tool-3.2.xsd=org/springframework/beans/factory/xml/spring-tool-3.2.xsd, http://www.springframework.org/schema/context/spring-context.xsd=org/springframework/context/config/spring-context-4.3.xsd, http://www.springframework.org/schema/tx/spring-tx-4.2.xsd=org/springframework/transaction/config/spring-tx-4.2.xsd, http://www.springframework.org/schema/cache/spring-cache-4.1.xsd=org/springframework/cache/config/spring-cache-4.1.xsd, http://www.springframework.org/schema/aop/spring-aop-4.0.xsd=org/springframework/aop/config/spring-aop-4.0.xsd, http://www.springframework.org/schema/jee/spring-jee-3.2.xsd=org/springframework/ejb/config/spring-jee-3.2.xsd, http://www.springframework.org/schema/context/spring-context-3.0.xsd=org/springframework/context/config/spring-context-3.0.xsd, http://www.springframework.org/schema/jdbc/spring-jdbc-4.0.xsd=org/springframework/jdbc/config/spring-jdbc-4.0.xsd, http://www.springframework.org/schema/util/spring-util-4.3.xsd=org/springframework/beans/factory/xml/spring-util-4.3.xsd, http://www.springframework.org/schema/util/spring-util-2.5.xsd=org/springframework/beans/factory/xml/spring-util-2.5.xsd, http://www.springframework.org/schema/beans/spring-beans-3.2.xsd=org/springframework/beans/factory/xml/spring-beans-3.2.xsd, http://www.springframework.org/schema/aop/spring-aop-3.1.xsd=org/springframework/aop/config/spring-aop-3.1.xsd, http://www.springframework.org/schema/lang/spring-lang-4.0.xsd=org/springframework/scripting/config/spring-lang-4.0.xsd, http://www.springframework.org/schema/beans/spring-beans-4.1.xsd=org/springframework/beans/factory/xml/spring-beans-4.1.xsd, http://www.springframework.org/schema/tool/spring-tool-4.0.xsd=org/springframework/beans/factory/xml/spring-tool-4.0.xsd, http://www.springframework.org/schema/lang/spring-lang-3.1.xsd=org/springframework/scripting/config/spring-lang-3.1.xsd, http://www.springframework.org/schema/tx/spring-tx-3.2.xsd=org/springframework/transaction/config/spring-tx-3.2.xsd, http://www.springframework.org/schema/cache/spring-cache-3.1.xsd=org/springframework/cache/config/spring-cache-3.1.xsd, http://www.springframework.org/schema/jee/spring-jee-4.0.xsd=org/springframework/ejb/config/spring-jee-4.0.xsd, http://www.springframework.org/schema/jdbc/spring-jdbc-3.0.xsd=org/springframework/jdbc/config/spring-jdbc-3.0.xsd, http://www.springframework.org/schema/task/spring-task-4.1.xsd=org/springframework/scheduling/config/spring-task-4.1.xsd, http://www.springframework.org/schema/jdbc/spring-jdbc.xsd=org/springframework/jdbc/config/spring-jdbc-4.3.xsd, http://www.springframework.org/schema/tool/spring-tool-3.1.xsd=org/springframework/beans/factory/xml/spring-tool-3.1.xsd, http://www.springframework.org/schema/tx/spring-tx-4.1.xsd=org/springframework/transaction/config/spring-tx-4.1.xsd, http://www.springframework.org/schema/cache/spring-cache-4.0.xsd=org/springframework/cache/config/spring-cache-4.0.xsd, http://code.alibabatech.com/schema/dubbo/dubbo.xsd=META-INF/dubbo.xsd, http://www.springframework.org/schema/jee/spring-jee-3.1.xsd=org/springframework/ejb/config/spring-jee-3.1.xsd, http://www.springframework.org/schema/util/spring-util-4.2.xsd=org/springframework/beans/factory/xml/spring-util-4.2.xsd, http://www.springframework.org/schema/task/spring-task-3.2.xsd=org/springframework/scheduling/config/spring-task-3.2.xsd, http://www.springframework.org/schema/beans/spring-beans-3.1.xsd=org/springframework/beans/factory/xml/spring-beans-3.1.xsd, http://www.springframework.org/schema/util/spring-util.xsd=org/springframework/beans/factory/xml/spring-util-4.3.xsd, http://www.springframework.org/schema/aop/spring-aop-3.0.xsd=org/springframework/aop/config/spring-aop-3.0.xsd, http://www.springframework.org/schema/beans/spring-beans-4.0.xsd=org/springframework/beans/factory/xml/spring-beans-4.0.xsd, http://www.springframework.org/schema/beans/spring-beans.xsd=org/springframework/beans/factory/xml/spring-beans-4.3.xsd, http://mybatis.org/schema/mybatis-spring.xsd=org/mybatis/spring/config/mybatis-spring-1.2.xsd, http://www.springframework.org/schema/lang/spring-lang-3.0.xsd=org/springframework/scripting/config/spring-lang-3.0.xsd, http://www.springframework.org/schema/tx/spring-tx-3.1.xsd=org/springframework/transaction/config/spring-tx-3.1.xsd, http://www.springframework.org/schema/context/spring-context-2.5.xsd=org/springframework/context/config/spring-context-2.5.xsd, http://www.springframework.org/schema/context/spring-context-4.3.xsd=org/springframework/context/config/spring-context-4.3.xsd, http://www.springframework.org/schema/task/spring-task-4.0.xsd=org/springframework/scheduling/config/spring-task-4.0.xsd, http://www.springframework.org/schema/tool/spring-tool-3.0.xsd=org/springframework/beans/factory/xml/spring-tool-3.0.xsd, http://www.springframework.org/schema/tx/spring-tx-4.0.xsd=org/springframework/transaction/config/spring-tx-4.0.xsd, http://www.springframework.org/schema/aop/spring-aop-2.0.xsd=org/springframework/aop/config/spring-aop-2.0.xsd, http://www.springframework.org/schema/jee/spring-jee-3.0.xsd=org/springframework/ejb/config/spring-jee-3.0.xsd, http://www.springframework.org/schema/util/spring-util-4.1.xsd=org/springframework/beans/factory/xml/spring-util-4.1.xsd, http://www.springframework.org/schema/task/spring-task-3.1.xsd=org/springframework/scheduling/config/spring-task-3.1.xsd, http://www.springframework.org/schema/beans/spring-beans-3.0.xsd=org/springframework/beans/factory/xml/spring-beans-3.0.xsd, http://www.springframework.org/schema/jee/spring-jee.xsd=org/springframework/ejb/config/spring-jee-4.3.xsd, http://www.springframework.org/schema/aop/spring-aop-2.5.xsd=org/springframework/aop/config/spring-aop-2.5.xsd, http://www.springframework.org/schema/aop/spring-aop-4.3.xsd=org/springframework/aop/config/spring-aop-4.3.xsd, http://www.springframework.org/schema/lang/spring-lang-2.0.xsd=org/springframework/scripting/config/spring-lang-2.0.xsd, http://www.springframework.org/schema/jdbc/spring-jdbc-4.3.xsd=org/springframework/jdbc/config/spring-jdbc-4.3.xsd, http://www.springframework.org/schema/util/spring-util-3.2.xsd=org/springframework/beans/factory/xml/spring-util-3.2.xsd, http://www.springframework.org/schema/task/spring-task.xsd=org/springframework/scheduling/config/spring-task-4.3.xsd, http://www.springframework.org/schema/tool/spring-tool-2.0.xsd=org/springframework/beans/factory/xml/spring-tool-2.0.xsd, http://www.springframework.org/schema/tx/spring-tx-3.0.xsd=org/springframework/transaction/config/spring-tx-3.0.xsd, http://www.springframework.org/schema/lang/spring-lang-2.5.xsd=org/springframework/scripting/config/spring-lang-2.5.xsd, http://www.springframework.org/schema/lang/spring-lang-4.3.xsd=org/springframework/scripting/config/spring-lang-4.3.xsd, http://www.springframework.org/schema/context/spring-context-4.2.xsd=org/springframework/context/config/spring-context-4.2.xsd, http://www.springframework.org/schema/jee/spring-jee-2.0.xsd=org/springframework/ejb/config/spring-jee-2.0.xsd, http://www.springframework.org/schema/tool/spring-tool-4.3.xsd=org/springframework/beans/factory/xml/spring-tool-4.3.xsd, http://www.springframework.org/schema/tool/spring-tool-2.5.xsd=org/springframework/beans/factory/xml/spring-tool-2.5.xsd, http://www.springframework.org/schema/jee/spring-jee-4.3.xsd=org/springframework/ejb/config/spring-jee-4.3.xsd, http://www.springframework.org/schema/jee/spring-jee-2.5.xsd=org/springframework/ejb/config/spring-jee-2.5.xsd, http://www.springframework.org/schema/util/spring-util-4.0.xsd=org/springframework/beans/factory/xml/spring-util-4.0.xsd, http://www.springframework.org/schema/task/spring-task-3.0.xsd=org/springframework/scheduling/config/spring-task-3.0.xsd, http://www.springframework.org/schema/cache/spring-cache-4.3.xsd=org/springframework/cache/config/spring-cache-4.3.xsd, http://www.springframework.org/schema/aop/spring-aop-4.2.xsd=org/springframework/aop/config/spring-aop-4.2.xsd, http://www.springframework.org/schema/lang/spring-lang.xsd=org/springframework/scripting/config/spring-lang-4.3.xsd, http://www.springframework.org/schema/context/spring-context-3.2.xsd=org/springframework/context/config/spring-context-3.2.xsd, http://www.springframework.org/schema/jdbc/spring-jdbc-4.2.xsd=org/springframework/jdbc/config/spring-jdbc-4.2.xsd, http://www.springframework.org/schema/util/spring-util-3.1.xsd=org/springframework/beans/factory/xml/spring-util-3.1.xsd, http://www.springframework.org/schema/beans/spring-beans-2.0.xsd=org/springframework/beans/factory/xml/spring-beans-2.0.xsd, http://www.springframework.org/schema/cache/spring-cache.xsd=org/springframework/cache/config/spring-cache-4.3.xsd, http://www.springframework.org/schema/tx/spring-tx.xsd=org/springframework/transaction/config/spring-tx-4.3.xsd, http://www.springframework.org/schema/lang/spring-lang-4.2.xsd=org/springframework/scripting/config/spring-lang-4.2.xsd, http://www.springframework.org/schema/context/spring-context-4.1.xsd=org/springframework/context/config/spring-context-4.1.xsd, http://www.springframework.org/schema/beans/spring-beans-4.3.xsd=org/springframework/beans/factory/xml/spring-beans-4.3.xsd, http://www.springframework.org/schema/beans/spring-beans-2.5.xsd=org/springframework/beans/factory/xml/spring-beans-2.5.xsd, http://www.springframework.org/schema/tool/spring-tool-4.2.xsd=org/springframework/beans/factory/xml/spring-tool-4.2.xsd, http://www.springframework.org/schema/tx/spring-tx-2.0.xsd=org/springframework/transaction/config/spring-tx-2.0.xsd, http://www.alibaba.com/schema/stat.xsd=META-INF/stat.xsd, http://www.springframework.org/schema/jee/spring-jee-4.2.xsd=org/springframework/ejb/config/spring-jee-4.2.xsd, http://www.springframework.org/schema/jdbc/spring-jdbc-3.2.xsd=org/springframework/jdbc/config/spring-jdbc-3.2.xsd, http://www.springframework.org/schema/task/spring-task-4.3.xsd=org/springframework/scheduling/config/spring-task-4.3.xsd, http://www.springframework.org/schema/aop/spring-aop.xsd=org/springframework/aop/config/spring-aop-4.3.xsd}
2018-12-22 15:11:50.603 ��ʱ��346 ��־���ԣ�o.s.beans.factory.xml.PluggableSchemaResolver ��־����: DEBUG ��־���ݣ�Found XML schema [http://www.springframework.org/schema/beans/spring-beans.xsd] in classpath: org/springframework/beans/factory/xml/spring-beans-4.3.xsd
2018-12-22 15:11:50.630 ��ʱ��373 ��־���ԣ�o.s.beans.factory.xml.PluggableSchemaResolver ��־����: DEBUG ��־���ݣ�Found XML schema [http://www.springframework.org/schema/context/spring-context.xsd] in classpath: org/springframework/context/config/spring-context-4.3.xsd
2018-12-22 15:11:50.635 ��ʱ��378 ��־���ԣ�o.s.beans.factory.xml.PluggableSchemaResolver ��־����: DEBUG ��־���ݣ�Found XML schema [http://www.springframework.org/schema/tool/spring-tool-4.3.xsd] in classpath: org/springframework/beans/factory/xml/spring-tool-4.3.xsd
2018-12-22 15:11:50.640 ��ʱ��383 ��־���ԣ�o.s.b.f.xml.DefaultBeanDefinitionDocumentReader ��־����: DEBUG ��־���ݣ�Loading bean definitions
2018-12-22 15:11:50.647 ��ʱ��390 ��־���ԣ�o.s.b.factory.xml.DefaultNamespaceHandlerResolver ��־����: DEBUG ��־���ݣ�Loaded NamespaceHandler mappings: {http://www.springframework.org/schema/p=org.springframework.beans.factory.xml.SimplePropertyNamespaceHandler, http://www.springframework.org/schema/util=org.springframework.beans.factory.xml.UtilNamespaceHandler, http://code.alibabatech.com/schema/dubbo=com.alibaba.dubbo.config.spring.schema.DubboNamespaceHandler, http://www.alibaba.com/schema/stat=com.alibaba.druid.support.spring.stat.config.DruidStatNamespaceHandler, http://www.springframework.org/schema/jee=org.springframework.ejb.config.JeeNamespaceHandler, http://www.springframework.org/schema/aop=org.springframework.aop.config.AopNamespaceHandler, http://www.springframework.org/schema/jdbc=org.springframework.jdbc.config.JdbcNamespaceHandler, http://www.springframework.org/schema/cache=org.springframework.cache.config.CacheNamespaceHandler, http://mybatis.org/schema/mybatis-spring=org.mybatis.spring.config.NamespaceHandler, http://www.springframework.org/schema/c=org.springframework.beans.factory.xml.SimpleConstructorNamespaceHandler, http://www.springframework.org/schema/tx=org.springframework.transaction.config.TxNamespaceHandler, http://www.springframework.org/schema/task=org.springframework.scheduling.config.TaskNamespaceHandler, http://www.springframework.org/schema/lang=org.springframework.scripting.config.LangNamespaceHandler, http://www.springframework.org/schema/context=org.springframework.context.config.ContextNamespaceHandler}
2018-12-22 15:11:50.673 ��ʱ��416 ��־���ԣ�o.s.c.i.s.PathMatchingResourcePatternResolver ��־����: DEBUG ��־���ݣ�Resolved classpath location [com/msjf/finance/pas/] to resources [URL [file:/D:/msjf-pas/pas-core/target/classes/com/msjf/finance/pas/], URL [jar:file:/D:/msjf-pas/pas-api/target/pas-api-1.0-SNAPSHOT.jar!/com/msjf/finance/pas/]]
2018-12-22 15:11:50.674 ��ʱ��417 ��־���ԣ�o.s.c.i.s.PathMatchingResourcePatternResolver ��־����: DEBUG ��־���ݣ�Looking for matching resources in directory tree [D:\msjf-pas\pas-core\target\classes\com\msjf\finance\pas]
2018-12-22 15:11:50.674 ��ʱ��417 ��־���ԣ�o.s.c.i.s.PathMatchingResourcePatternResolver ��־����: DEBUG ��־���ݣ�Searching directory [D:\msjf-pas\pas-core\target\classes\com\msjf\finance\pas] for files matching pattern [D:/msjf-pas/pas-core/target/classes/com/msjf/finance/pas/**/*.class]
2018-12-22 15:11:50.676 ��ʱ��419 ��־���ԣ�o.s.c.i.s.PathMatchingResourcePatternResolver ��־����: DEBUG ��־���ݣ�Searching directory [D:\msjf-pas\pas-core\target\classes\com\msjf\finance\pas\common] for files matching pattern [D:/msjf-pas/pas-core/target/classes/com/msjf/finance/pas/**/*.class]
2018-12-22 15:11:50.676 ��ʱ��419 ��־���ԣ�o.s.c.i.s.PathMatchingResourcePatternResolver ��־����: DEBUG ��־���ݣ�Searching directory [D:\msjf-pas\pas-core\target\classes\com\msjf\finance\pas\common\dao] for files matching pattern [D:/msjf-pas/pas-core/target/classes/com/msjf/finance/pas/**/*.class]
2018-12-22 15:11:50.677 ��ʱ��420 ��־���ԣ�o.s.c.i.s.PathMatchingResourcePatternResolver ��־����: DEBUG ��־���ݣ�Searching directory [D:\msjf-pas\pas-core\target\classes\com\msjf\finance\pas\common\test] for files matching pattern [D:/msjf-pas/pas-core/target/classes/com/msjf/finance/pas/**/*.class]
2018-12-22 15:11:50.677 ��ʱ��420 ��־���ԣ�o.s.c.i.s.PathMatchingResourcePatternResolver ��־����: DEBUG ��־���ݣ�Searching directory [D:\msjf-pas\pas-core\target\classes\com\msjf\finance\pas\modules] for files matching pattern [D:/msjf-pas/pas-core/target/classes/com/msjf/finance/pas/**/*.class]
2018-12-22 15:11:50.678 ��ʱ��421 ��־���ԣ�o.s.c.i.s.PathMatchingResourcePatternResolver ��־����: DEBUG ��־���ݣ�Searching directory [D:\msjf-pas\pas-core\target\classes\com\msjf\finance\pas\modules\organ] for files matching pattern [D:/msjf-pas/pas-core/target/classes/com/msjf/finance/pas/**/*.class]
2018-12-22 15:11:50.678 ��ʱ��421 ��־���ԣ�o.s.c.i.s.PathMatchingResourcePatternResolver ��־����: DEBUG ��־���ݣ�Searching directory [D:\msjf-pas\pas-core\target\classes\com\msjf\finance\pas\modules\organ\dao] for files matching pattern [D:/msjf-pas/pas-core/target/classes/com/msjf/finance/pas/**/*.class]
2018-12-22 15:11:50.679 ��ʱ��422 ��־���ԣ�o.s.c.i.s.PathMatchingResourcePatternResolver ��־����: DEBUG ��־���ݣ�Searching directory [D:\msjf-pas\pas-core\target\classes\com\msjf\finance\pas\modules\organ\entity] for files matching pattern [D:/msjf-pas/pas-core/target/classes/com/msjf/finance/pas/**/*.class]
2018-12-22 15:11:50.680 ��ʱ��423 ��־���ԣ�o.s.c.i.s.PathMatchingResourcePatternResolver ��־����: DEBUG ��־���ݣ�Searching directory [D:\msjf-pas\pas-core\target\classes\com\msjf\finance\pas\modules\organ\facade] for files matching pattern [D:/msjf-pas/pas-core/target/classes/com/msjf/finance/pas/**/*.class]
2018-12-22 15:11:50.680 ��ʱ��423 ��־���ԣ�o.s.c.i.s.PathMatchingResourcePatternResolver ��־����: DEBUG ��־���ݣ�Searching directory [D:\msjf-pas\pas-core\target\classes\com\msjf\finance\pas\modules\organ\service] for files matching pattern [D:/msjf-pas/pas-core/target/classes/com/msjf/finance/pas/**/*.class]
2018-12-22 15:11:50.680 ��ʱ��423 ��־���ԣ�o.s.c.i.s.PathMatchingResourcePatternResolver ��־����: DEBUG ��־���ݣ�Searching directory [D:\msjf-pas\pas-core\target\classes\com\msjf\finance\pas\modules\organ\service\impl] for files matching pattern [D:/msjf-pas/pas-core/target/classes/com/msjf/finance/pas/**/*.class]
2018-12-22 15:11:50.682 ��ʱ��425 ��־���ԣ�o.s.c.i.s.PathMatchingResourcePatternResolver ��־����: DEBUG ��־���ݣ�Looking for matching resources in jar file [file:/D:/msjf-pas/pas-api/target/pas-api-1.0-SNAPSHOT.jar]
2018-12-22 15:11:50.683 ��ʱ��426 ��־���ԣ�o.s.c.i.s.PathMatchingResourcePatternResolver ��־����: DEBUG ��־���ݣ�Resolved location pattern [classpath*:com/msjf/finance/pas/**/*.class] to resources [file [D:\msjf-pas\pas-core\target\classes\com\msjf\finance\pas\common\dao\MyBatisDao.class], file [D:\msjf-pas\pas-core\target\classes\com\msjf\finance\pas\common\test\SpringTestCase.class], file [D:\msjf-pas\pas-core\target\classes\com\msjf\finance\pas\modules\organ\dao\OrganInfoDao.class], file [D:\msjf-pas\pas-core\target\classes\com\msjf\finance\pas\modules\organ\entity\OrganInfoEntity.class], file [D:\msjf-pas\pas-core\target\classes\com\msjf\finance\pas\modules\organ\facade\OrganInfoFacadeImpl.class], file [D:\msjf-pas\pas-core\target\classes\com\msjf\finance\pas\modules\organ\service\impl\OrganInfoServiceImpl.class], file [D:\msjf-pas\pas-core\target\classes\com\msjf\finance\pas\modules\organ\service\OrganInfoService.class], URL [jar:file:/D:/msjf-pas/pas-api/target/pas-api-1.0-SNAPSHOT.jar!/com/msjf/finance/pas/common/response/BaseDomain.class], URL [jar:file:/D:/msjf-pas/pas-api/target/pas-api-1.0-SNAPSHOT.jar!/com/msjf/finance/pas/common/response/BaseEntity.class], URL [jar:file:/D:/msjf-pas/pas-api/target/pas-api-1.0-SNAPSHOT.jar!/com/msjf/finance/pas/common/response/DefaultCodeMsgResponse.class], URL [jar:file:/D:/msjf-pas/pas-api/target/pas-api-1.0-SNAPSHOT.jar!/com/msjf/finance/pas/common/response/RespFlagEnum.class], URL [jar:file:/D:/msjf-pas/pas-api/target/pas-api-1.0-SNAPSHOT.jar!/com/msjf/finance/pas/common/response/Response.class], URL [jar:file:/D:/msjf-pas/pas-api/target/pas-api-1.0-SNAPSHOT.jar!/com/msjf/finance/pas/common/response/ResponseService.class], URL [jar:file:/D:/msjf-pas/pas-api/target/pas-api-1.0-SNAPSHOT.jar!/com/msjf/finance/pas/facade/organ/domain/OrganInfoDomain.class], URL [jar:file:/D:/msjf-pas/pas-api/target/pas-api-1.0-SNAPSHOT.jar!/com/msjf/finance/pas/facade/organ/OrganInfoFacade.class]]
2018-12-22 15:11:50.693 ��ʱ��436 ��־���ԣ�o.s.c.annotation.ClassPathBeanDefinitionScanner ��־����: DEBUG ��־���ݣ�Ignored because not a concrete top-level class: file [D:\msjf-pas\pas-core\target\classes\com\msjf\finance\pas\common\dao\MyBatisDao.class]
2018-12-22 15:11:50.697 ��ʱ��440 ��־���ԣ�o.s.c.annotation.ClassPathBeanDefinitionScanner ��־����: DEBUG ��־���ݣ�Ignored because not a concrete top-level class: file [D:\msjf-pas\pas-core\target\classes\com\msjf\finance\pas\modules\organ\dao\OrganInfoDao.class]
2018-12-22 15:11:50.699 ��ʱ��442 ��־���ԣ�o.s.c.annotation.ClassPathBeanDefinitionScanner ��־����: DEBUG ��־���ݣ�Identified candidate component class: file [D:\msjf-pas\pas-core\target\classes\com\msjf\finance\pas\modules\organ\facade\OrganInfoFacadeImpl.class]
2018-12-22 15:11:50.700 ��ʱ��443 ��־���ԣ�o.s.c.annotation.ClassPathBeanDefinitionScanner ��־����: DEBUG ��־���ݣ�Identified candidate component class: file [D:\msjf-pas\pas-core\target\classes\com\msjf\finance\pas\modules\organ\service\impl\OrganInfoServiceImpl.class]
2018-12-22 15:11:50.704 ��ʱ��447 ��־���ԣ�o.s.c.i.s.PathMatchingResourcePatternResolver ��־����: DEBUG ��־���ݣ�Resolved classpath location [/spring/] to resources [URL [file:/D:/msjf-pas/pas-core/target/classes/spring/]]
2018-12-22 15:11:50.705 ��ʱ��448 ��־���ԣ�o.s.c.i.s.PathMatchingResourcePatternResolver ��־����: DEBUG ��־���ݣ�Looking for matching resources in directory tree [D:\msjf-pas\pas-core\target\classes\spring]
2018-12-22 15:11:50.705 ��ʱ��448 ��־���ԣ�o.s.c.i.s.PathMatchingResourcePatternResolver ��־����: DEBUG ��־���ݣ�Searching directory [D:\msjf-pas\pas-core\target\classes\spring] for files matching pattern [D:/msjf-pas/pas-core/target/classes/spring/**/*.xml]
2018-12-22 15:11:50.705 ��ʱ��448 ��־���ԣ�o.s.c.i.s.PathMatchingResourcePatternResolver ��־����: DEBUG ��־���ݣ�Searching directory [D:\msjf-pas\pas-core\target\classes\spring\dubbo] for files matching pattern [D:/msjf-pas/pas-core/target/classes/spring/**/*.xml]
2018-12-22 15:11:50.705 ��ʱ��448 ��־���ԣ�o.s.c.i.s.PathMatchingResourcePatternResolver ��־����: DEBUG ��־���ݣ�Resolved location pattern [classpath*:/spring/**/*.xml] to resources [file [D:\msjf-pas\pas-core\target\classes\spring\dubbo\dubbo-consumer.xml], file [D:\msjf-pas\pas-core\target\classes\spring\dubbo\dubbo-provider.xml], file [D:\msjf-pas\pas-core\target\classes\spring\spring-mybaties.xml]]
2018-12-22 15:11:50.705 ��ʱ��448 ��־���ԣ�o.s.beans.factory.xml.XmlBeanDefinitionReader ��־����: INFO  ��־���ݣ�Loading XML bean definitions from file [D:\msjf-pas\pas-core\target\classes\spring\dubbo\dubbo-consumer.xml]
2018-12-22 15:11:50.706 ��ʱ��449 ��־���ԣ�o.s.beans.factory.xml.DefaultDocumentLoader ��־����: DEBUG ��־���ݣ�Using JAXP provider [com.sun.org.apache.xerces.internal.jaxp.DocumentBuilderFactoryImpl]
2018-12-22 15:11:50.708 ��ʱ��451 ��־���ԣ�o.s.beans.factory.xml.PluggableSchemaResolver ��־����: DEBUG ��־���ݣ�Found XML schema [http://www.springframework.org/schema/beans/spring-beans.xsd] in classpath: org/springframework/beans/factory/xml/spring-beans-4.3.xsd
2018-12-22 15:11:50.719 ��ʱ��462 ��־���ԣ�o.s.beans.factory.xml.PluggableSchemaResolver ��־����: DEBUG ��־���ݣ�Found XML schema [http://code.alibabatech.com/schema/dubbo/dubbo.xsd] in classpath: META-INF/dubbo.xsd
2018-12-22 15:11:50.736 ��ʱ��479 ��־���ԣ�o.s.b.f.xml.DefaultBeanDefinitionDocumentReader ��־����: DEBUG ��־���ݣ�Loading bean definitions
2018-12-22 15:11:50.771 ��ʱ��514 ��־���ԣ�o.s.c.i.s.PathMatchingResourcePatternResolver ��־����: DEBUG ��־���ݣ�Resolved classpath location [/dubbo-services/consumer-services/] to resources [URL [file:/D:/msjf-pas/pas-core/target/classes/dubbo-services/consumer-services/]]
2018-12-22 15:11:50.771 ��ʱ��514 ��־���ԣ�o.s.c.i.s.PathMatchingResourcePatternResolver ��־����: DEBUG ��־���ݣ�Looking for matching resources in directory tree [D:\msjf-pas\pas-core\target\classes\dubbo-services\consumer-services]
2018-12-22 15:11:50.771 ��ʱ��514 ��־���ԣ�o.s.c.i.s.PathMatchingResourcePatternResolver ��־����: DEBUG ��־���ݣ�Searching directory [D:\msjf-pas\pas-core\target\classes\dubbo-services\consumer-services] for files matching pattern [D:/msjf-pas/pas-core/target/classes/dubbo-services/consumer-services/*.xml]
2018-12-22 15:11:50.772 ��ʱ��515 ��־���ԣ�o.s.c.i.s.PathMatchingResourcePatternResolver ��־����: DEBUG ��־���ݣ�Resolved location pattern [classpath*:/dubbo-services/consumer-services/*.xml] to resources [file [D:\msjf-pas\pas-core\target\classes\dubbo-services\consumer-services\dubbo-consumer-service.xml]]
2018-12-22 15:11:50.772 ��ʱ��515 ��־���ԣ�o.s.beans.factory.xml.XmlBeanDefinitionReader ��־����: INFO  ��־���ݣ�Loading XML bean definitions from file [D:\msjf-pas\pas-core\target\classes\dubbo-services\consumer-services\dubbo-consumer-service.xml]
2018-12-22 15:11:50.773 ��ʱ��516 ��־���ԣ�o.s.beans.factory.xml.DefaultDocumentLoader ��־����: DEBUG ��־���ݣ�Using JAXP provider [com.sun.org.apache.xerces.internal.jaxp.DocumentBuilderFactoryImpl]
2018-12-22 15:11:50.775 ��ʱ��518 ��־���ԣ�o.s.beans.factory.xml.PluggableSchemaResolver ��־����: DEBUG ��־���ݣ�Found XML schema [http://www.springframework.org/schema/beans/spring-beans.xsd] in classpath: org/springframework/beans/factory/xml/spring-beans-4.3.xsd
2018-12-22 15:11:50.785 ��ʱ��528 ��־���ԣ�o.s.b.f.xml.DefaultBeanDefinitionDocumentReader ��־����: DEBUG ��־���ݣ�Loading bean definitions
2018-12-22 15:11:50.786 ��ʱ��529 ��־���ԣ�o.s.beans.factory.xml.XmlBeanDefinitionReader ��־����: DEBUG ��־���ݣ�Loaded 0 bean definitions from location pattern [classpath*:/dubbo-services/consumer-services/*.xml]
2018-12-22 15:11:50.786 ��ʱ��529 ��־���ԣ�o.s.b.f.xml.DefaultBeanDefinitionDocumentReader ��־����: DEBUG ��־���ݣ�Imported 0 bean definitions from URL location [classpath*:/dubbo-services/consumer-services/*.xml]
2018-12-22 15:11:50.787 ��ʱ��530 ��־���ԣ�o.s.beans.factory.xml.XmlBeanDefinitionReader ��־����: INFO  ��־���ݣ�Loading XML bean definitions from file [D:\msjf-pas\pas-core\target\classes\spring\dubbo\dubbo-provider.xml]
2018-12-22 15:11:50.788 ��ʱ��531 ��־���ԣ�o.s.beans.factory.xml.DefaultDocumentLoader ��־����: DEBUG ��־���ݣ�Using JAXP provider [com.sun.org.apache.xerces.internal.jaxp.DocumentBuilderFactoryImpl]
2018-12-22 15:11:50.790 ��ʱ��533 ��־���ԣ�o.s.beans.factory.xml.PluggableSchemaResolver ��־����: DEBUG ��־���ݣ�Found XML schema [http://www.springframework.org/schema/beans/spring-beans.xsd] in classpath: org/springframework/beans/factory/xml/spring-beans-4.3.xsd
2018-12-22 15:11:50.799 ��ʱ��542 ��־���ԣ�o.s.beans.factory.xml.PluggableSchemaResolver ��־����: DEBUG ��־���ݣ�Found XML schema [http://code.alibabatech.com/schema/dubbo/dubbo.xsd] in classpath: META-INF/dubbo.xsd
2018-12-22 15:11:50.809 ��ʱ��552 ��־���ԣ�o.s.b.f.xml.DefaultBeanDefinitionDocumentReader ��־����: DEBUG ��־���ݣ�Loading bean definitions
2018-12-22 15:11:50.812 ��ʱ��555 ��־���ԣ�o.s.c.i.s.PathMatchingResourcePatternResolver ��־����: DEBUG ��־���ݣ�Resolved classpath location [/dubbo-services/provider-services/] to resources [URL [file:/D:/msjf-pas/pas-core/target/classes/dubbo-services/provider-services/]]
2018-12-22 15:11:50.813 ��ʱ��556 ��־���ԣ�o.s.c.i.s.PathMatchingResourcePatternResolver ��־����: DEBUG ��־���ݣ�Looking for matching resources in directory tree [D:\msjf-pas\pas-core\target\classes\dubbo-services\provider-services]
2018-12-22 15:11:50.813 ��ʱ��556 ��־���ԣ�o.s.c.i.s.PathMatchingResourcePatternResolver ��־����: DEBUG ��־���ݣ�Searching directory [D:\msjf-pas\pas-core\target\classes\dubbo-services\provider-services] for files matching pattern [D:/msjf-pas/pas-core/target/classes/dubbo-services/provider-services/*.xml]
2018-12-22 15:11:50.814 ��ʱ��557 ��־���ԣ�o.s.c.i.s.PathMatchingResourcePatternResolver ��־����: DEBUG ��־���ݣ�Resolved location pattern [classpath*:/dubbo-services/provider-services/*.xml] to resources [file [D:\msjf-pas\pas-core\target\classes\dubbo-services\provider-services\dubbo-provider-service.xml]]
2018-12-22 15:11:50.814 ��ʱ��557 ��־���ԣ�o.s.beans.factory.xml.XmlBeanDefinitionReader ��־����: INFO  ��־���ݣ�Loading XML bean definitions from file [D:\msjf-pas\pas-core\target\classes\dubbo-services\provider-services\dubbo-provider-service.xml]
2018-12-22 15:11:50.815 ��ʱ��558 ��־���ԣ�o.s.beans.factory.xml.DefaultDocumentLoader ��־����: DEBUG ��־���ݣ�Using JAXP provider [com.sun.org.apache.xerces.internal.jaxp.DocumentBuilderFactoryImpl]
2018-12-22 15:11:50.816 ��ʱ��559 ��־���ԣ�o.s.beans.factory.xml.PluggableSchemaResolver ��־����: DEBUG ��־���ݣ�Found XML schema [http://www.springframework.org/schema/beans/spring-beans.xsd] in classpath: org/springframework/beans/factory/xml/spring-beans-4.3.xsd
2018-12-22 15:11:50.823 ��ʱ��566 ��־���ԣ�o.s.beans.factory.xml.PluggableSchemaResolver ��־����: DEBUG ��־���ݣ�Found XML schema [http://code.alibabatech.com/schema/dubbo/dubbo.xsd] in classpath: META-INF/dubbo.xsd
2018-12-22 15:11:50.832 ��ʱ��575 ��־���ԣ�o.s.b.f.xml.DefaultBeanDefinitionDocumentReader ��־����: DEBUG ��־���ݣ�Loading bean definitions
2018-12-22 15:11:50.841 ��ʱ��584 ��־���ԣ�o.s.beans.factory.xml.XmlBeanDefinitionReader ��־����: DEBUG ��־���ݣ�Loaded 1 bean definitions from location pattern [classpath*:/dubbo-services/provider-services/*.xml]
2018-12-22 15:11:50.841 ��ʱ��584 ��־���ԣ�o.s.b.f.xml.DefaultBeanDefinitionDocumentReader ��־����: DEBUG ��־���ݣ�Imported 1 bean definitions from URL location [classpath*:/dubbo-services/provider-services/*.xml]
2018-12-22 15:11:50.842 ��ʱ��585 ��־���ԣ�o.s.beans.factory.xml.XmlBeanDefinitionReader ��־����: INFO  ��־���ݣ�Loading XML bean definitions from file [D:\msjf-pas\pas-core\target\classes\spring\spring-mybaties.xml]
2018-12-22 15:11:50.843 ��ʱ��586 ��־���ԣ�o.s.beans.factory.xml.DefaultDocumentLoader ��־����: DEBUG ��־���ݣ�Using JAXP provider [com.sun.org.apache.xerces.internal.jaxp.DocumentBuilderFactoryImpl]
2018-12-22 15:11:50.845 ��ʱ��588 ��־���ԣ�o.s.beans.factory.xml.PluggableSchemaResolver ��־����: DEBUG ��־���ݣ�Found XML schema [http://www.springframework.org/schema/beans/spring-beans-3.0.xsd] in classpath: org/springframework/beans/factory/xml/spring-beans-3.0.xsd
2018-12-22 15:11:50.854 ��ʱ��597 ��־���ԣ�o.s.beans.factory.xml.PluggableSchemaResolver ��־����: DEBUG ��־���ݣ�Found XML schema [http://www.springframework.org/schema/tx/spring-tx-3.0.xsd] in classpath: org/springframework/transaction/config/spring-tx-3.0.xsd
2018-12-22 15:11:50.856 ��ʱ��599 ��־���ԣ�o.s.beans.factory.xml.PluggableSchemaResolver ��־����: DEBUG ��־���ݣ�Found XML schema [http://www.springframework.org/schema/tool/spring-tool-3.0.xsd] in classpath: org/springframework/beans/factory/xml/spring-tool-3.0.xsd
2018-12-22 15:11:50.857 ��ʱ��600 ��־���ԣ�o.s.b.f.xml.DefaultBeanDefinitionDocumentReader ��־����: DEBUG ��־���ݣ�Loading bean definitions
2018-12-22 15:11:50.858 ��ʱ��601 ��־���ԣ�o.s.beans.factory.xml.BeanDefinitionParserDelegate ��־����: DEBUG ��־���ݣ�No XML &apos;id&apos; specified - using &apos;dataSource&apos; as bean name and [] as aliases
2018-12-22 15:11:50.862 ��ʱ��605 ��־���ԣ�o.s.beans.factory.xml.BeanDefinitionParserDelegate ��־����: DEBUG ��־���ݣ�Neither XML &apos;id&apos; nor &apos;name&apos; specified - using generated bean name [tk.mybatis.spring.mapper.MapperScannerConfigurer#0]
2018-12-22 15:11:50.869 ��ʱ��612 ��־���ԣ�o.s.beans.factory.xml.XmlBeanDefinitionReader ��־����: DEBUG ��־���ݣ�Loaded 15 bean definitions from location pattern [classpath*:/spring/**/*.xml]
2018-12-22 15:11:50.869 ��ʱ��612 ��־���ԣ�o.s.b.f.xml.DefaultBeanDefinitionDocumentReader ��־����: DEBUG ��־���ݣ�Imported 15 bean definitions from URL location [classpath*:/spring/**/*.xml]
2018-12-22 15:11:50.869 ��ʱ��612 ��־���ԣ�o.s.beans.factory.xml.XmlBeanDefinitionReader ��־����: DEBUG ��־���ݣ�Loaded 25 bean definitions from location pattern [classpath:/applicationContext.xml]
2018-12-22 15:11:50.869 ��ʱ��612 ��־���ԣ�o.s.context.support.GenericApplicationContext ��־����: INFO  ��־���ݣ�Refreshing org.springframework.context.support.GenericApplicationContext@21a947fe: startup date [Sat Dec 22 15:11:50 CST 2018]; root of context hierarchy
2018-12-22 15:11:50.870 ��ʱ��613 ��־���ԣ�o.s.context.support.GenericApplicationContext ��־����: DEBUG ��־���ݣ�Bean factory for org.springframework.context.support.GenericApplicationContext@21a947fe: org.springframework.beans.factory.support.DefaultListableBeanFactory@68e5eea7: defining beans [org.springframework.context.support.PropertySourcesPlaceholderConfigurer#0,org.springframework.context.annotation.internalConfigurationAnnotationProcessor,org.springframework.context.annotation.internalAutowiredAnnotationProcessor,org.springframework.context.annotation.internalRequiredAnnotationProcessor,org.springframework.context.annotation.internalCommonAnnotationProcessor,org.springframework.context.annotation.internalPersistenceAnnotationProcessor,org.springframework.context.event.internalEventListenerProcessor,org.springframework.context.event.internalEventListenerFactory,organInfoFacade,organInfoService,com.alibaba.dubbo.config.RegistryConfig,${application},com.alibaba.dubbo.config.RegistryConfig2,dubbo,com.msjf.finance.pas.facade.organ.OrganInfoFacade,dataSource,sqlSessionFactory,tk.mybatis.spring.mapper.MapperScannerConfigurer#0,transactionManager,sqlSessionTemplate,org.springframework.transaction.config.internalTransactionalEventListenerFactory,org.springframework.aop.config.internalAutoProxyCreator,org.springframework.transaction.annotation.AnnotationTransactionAttributeSource#0,org.springframework.transaction.interceptor.TransactionInterceptor#0,org.springframework.transaction.config.internalTransactionAdvisor]; root of factory hierarchy
2018-12-22 15:11:50.893 ��ʱ��636 ��־���ԣ�o.s.b.factory.support.DefaultListableBeanFactory ��־����: DEBUG ��־���ݣ�Creating shared instance of singleton bean &apos;org.springframework.context.annotation.internalConfigurationAnnotationProcessor&apos;
2018-12-22 15:11:50.894 ��ʱ��637 ��־���ԣ�o.s.b.factory.support.DefaultListableBeanFactory ��־����: DEBUG ��־���ݣ�Creating instance of bean &apos;org.springframework.context.annotation.internalConfigurationAnnotationProcessor&apos;
2018-12-22 15:11:50.903 ��ʱ��646 ��־���ԣ�o.s.b.factory.support.DefaultListableBeanFactory ��־����: DEBUG ��־���ݣ�Eagerly caching bean &apos;org.springframework.context.annotation.internalConfigurationAnnotationProcessor&apos; to allow for resolving potential circular references
2018-12-22 15:11:50.905 ��ʱ��648 ��־���ԣ�o.s.b.factory.support.DefaultListableBeanFactory ��־����: DEBUG ��־���ݣ�Finished creating instance of bean &apos;org.springframework.context.annotation.internalConfigurationAnnotationProcessor&apos;
2018-12-22 15:11:50.952 ��ʱ��695 ��־���ԣ�o.s.b.factory.support.DefaultListableBeanFactory ��־����: DEBUG ��־���ݣ�Creating shared instance of singleton bean &apos;tk.mybatis.spring.mapper.MapperScannerConfigurer#0&apos;
2018-12-22 15:11:50.953 ��ʱ��696 ��־���ԣ�o.s.b.factory.support.DefaultListableBeanFactory ��־����: DEBUG ��־���ݣ�Creating instance of bean &apos;tk.mybatis.spring.mapper.MapperScannerConfigurer#0&apos;
2018-12-22 15:11:50.955 ��ʱ��698 ��־���ԣ�o.s.b.factory.support.DefaultListableBeanFactory ��־����: DEBUG ��־���ݣ�Eagerly caching bean &apos;tk.mybatis.spring.mapper.MapperScannerConfigurer#0&apos; to allow for resolving potential circular references
2018-12-22 15:11:51.017 ��ʱ��760 ��־���ԣ�o.s.b.factory.support.DefaultListableBeanFactory ��־����: DEBUG ��־���ݣ�Invoking afterPropertiesSet() on bean with name &apos;tk.mybatis.spring.mapper.MapperScannerConfigurer#0&apos;
2018-12-22 15:11:51.017 ��ʱ��760 ��־���ԣ�o.s.b.factory.support.DefaultListableBeanFactory ��־����: DEBUG ��־���ݣ�Finished creating instance of bean &apos;tk.mybatis.spring.mapper.MapperScannerConfigurer#0&apos;
2018-12-22 15:11:51.018 ��ʱ��761 ��־���ԣ�org.springframework.core.env.StandardEnvironment ��־����: DEBUG ��־���ݣ�Adding [systemProperties] PropertySource with lowest search precedence
2018-12-22 15:11:51.018 ��ʱ��761 ��־���ԣ�org.springframework.core.env.StandardEnvironment ��־����: DEBUG ��־���ݣ�Adding [systemEnvironment] PropertySource with lowest search precedence
2018-12-22 15:11:51.018 ��ʱ��761 ��־���ԣ�org.springframework.core.env.StandardEnvironment ��־����: DEBUG ��־���ݣ�Initialized StandardEnvironment with PropertySources [systemProperties,systemEnvironment]
2018-12-22 15:11:51.020 ��ʱ��763 ��־���ԣ�o.s.c.i.s.PathMatchingResourcePatternResolver ��־����: DEBUG ��־���ݣ�Resolved classpath location [com/msjf/finance/cas/] to resources []
2018-12-22 15:11:51.020 ��ʱ��763 ��־���ԣ�o.s.c.i.s.PathMatchingResourcePatternResolver ��־����: DEBUG ��־���ݣ�Resolved location pattern [classpath*:com/msjf/finance/cas/**/*.class] to resources []
2018-12-22 15:11:51.020 ��ʱ��763 ��־���ԣ�org.mybatis.spring.mapper.ClassPathMapperScanner ��־����: WARN  ��־���ݣ�No MyBatis mapper was found in &apos;[com.msjf.finance.cas]&apos; package. Please check your configuration.
2018-12-22 15:11:51.021 ��ʱ��764 ��־���ԣ�o.s.b.factory.support.DefaultListableBeanFactory ��־����: DEBUG ��־���ݣ�Creating shared instance of singleton bean &apos;org.springframework.context.support.PropertySourcesPlaceholderConfigurer#0&apos;
2018-12-22 15:11:51.021 ��ʱ��764 ��־���ԣ�o.s.b.factory.support.DefaultListableBeanFactory ��־����: DEBUG ��־���ݣ�Creating instance of bean &apos;org.springframework.context.support.PropertySourcesPlaceholderConfigurer#0&apos;
2018-12-22 15:11:51.021 ��ʱ��764 ��־���ԣ�o.s.b.factory.support.DefaultListableBeanFactory ��־����: DEBUG ��־���ݣ�Eagerly caching bean &apos;org.springframework.context.support.PropertySourcesPlaceholderConfigurer#0&apos; to allow for resolving potential circular references
2018-12-22 15:11:51.027 ��ʱ��770 ��־���ԣ�o.s.c.i.s.PathMatchingResourcePatternResolver ��־����: DEBUG ��־���ݣ�Resolved classpath location [/properties/] to resources [URL [file:/D:/msjf-pas/pas-core/target/classes/properties/]]
2018-12-22 15:11:51.027 ��ʱ��770 ��־���ԣ�o.s.c.i.s.PathMatchingResourcePatternResolver ��־����: DEBUG ��־���ݣ�Looking for matching resources in directory tree [D:\msjf-pas\pas-core\target\classes\properties]
2018-12-22 15:11:51.027 ��ʱ��770 ��־���ԣ�o.s.c.i.s.PathMatchingResourcePatternResolver ��־����: DEBUG ��־���ݣ�Searching directory [D:\msjf-pas\pas-core\target\classes\properties] for files matching pattern [D:/msjf-pas/pas-core/target/classes/properties/*.properties]
2018-12-22 15:11:51.028 ��ʱ��771 ��־���ԣ�o.s.c.i.s.PathMatchingResourcePatternResolver ��־����: DEBUG ��־���ݣ�Resolved location pattern [classpath*:/properties/*.properties] to resources [file [D:\msjf-pas\pas-core\target\classes\properties\dubbo.properties], file [D:\msjf-pas\pas-core\target\classes\properties\jdbc.properties], file [D:\msjf-pas\pas-core\target\classes\properties\logback.properties]]
2018-12-22 15:11:51.029 ��ʱ��772 ��־���ԣ�o.s.b.factory.support.DefaultListableBeanFactory ��־����: DEBUG ��־���ݣ�Finished creating instance of bean &apos;org.springframework.context.support.PropertySourcesPlaceholderConfigurer#0&apos;
2018-12-22 15:11:51.029 ��ʱ��772 ��־���ԣ�o.springframework.core.env.MutablePropertySources ��־����: DEBUG ��־���ݣ�Adding [environmentProperties] PropertySource with lowest search precedence
2018-12-22 15:11:51.029 ��ʱ��772 ��־���ԣ�o.s.c.support.PropertySourcesPlaceholderConfigurer ��־����: INFO  ��־���ݣ�Loading properties file from file [D:\msjf-pas\pas-core\target\classes\properties\dubbo.properties]
2018-12-22 15:11:51.030 ��ʱ��773 ��־���ԣ�o.s.c.support.PropertySourcesPlaceholderConfigurer ��־����: INFO  ��־���ݣ�Loading properties file from file [D:\msjf-pas\pas-core\target\classes\properties\jdbc.properties]
2018-12-22 15:11:51.030 ��ʱ��773 ��־���ԣ�o.s.c.support.PropertySourcesPlaceholderConfigurer ��־����: INFO  ��־���ݣ�Loading properties file from file [D:\msjf-pas\pas-core\target\classes\properties\logback.properties]
2018-12-22 15:11:51.030 ��ʱ��773 ��־���ԣ�o.springframework.core.env.MutablePropertySources ��־����: DEBUG ��־���ݣ�Adding [localProperties] PropertySource with lowest search precedence
2018-12-22 15:11:51.032 ��ʱ��775 ��־���ԣ�o.s.core.env.PropertySourcesPropertyResolver ��־����: DEBUG ��־���ݣ�Could not find key &apos;application&apos; in any property source
2018-12-22 15:11:51.033 ��ʱ��776 ��־���ԣ�o.s.core.env.PropertySourcesPropertyResolver ��־����: DEBUG ��־���ݣ�Found key &apos;application&apos; in [localProperties] with type [String] and value &apos;cas-core&apos;
2018-12-22 15:11:51.034 ��ʱ��777 ��־���ԣ�o.s.core.env.PropertySourcesPropertyResolver ��־����: DEBUG ��־���ݣ�Could not find key &apos;application&apos; in any property source
2018-12-22 15:11:51.034 ��ʱ��777 ��־���ԣ�o.s.core.env.PropertySourcesPropertyResolver ��־����: DEBUG ��־���ݣ�Found key &apos;application&apos; in [localProperties] with type [String] and value &apos;cas-core&apos;
2018-12-22 15:11:51.034 ��ʱ��777 ��־���ԣ�o.s.core.env.PropertySourcesPropertyResolver ��־����: DEBUG ��־���ݣ�Could not find key &apos;registry&apos; in any property source
2018-12-22 15:11:51.034 ��ʱ��777 ��־���ԣ�o.s.core.env.PropertySourcesPropertyResolver ��־����: DEBUG ��־���ݣ�Found key &apos;registry&apos; in [localProperties] with type [String] and value &apos;zookeeper://49.4.91.18:2181&apos;
2018-12-22 15:11:51.034 ��ʱ��777 ��־���ԣ�o.s.core.env.PropertySourcesPropertyResolver ��־����: DEBUG ��־���ݣ�Could not find key &apos;protocol&apos; in any property source
2018-12-22 15:11:51.035 ��ʱ��778 ��־���ԣ�o.s.core.env.PropertySourcesPropertyResolver ��־����: DEBUG ��־���ݣ�Found key &apos;protocol&apos; in [localProperties] with type [String] and value &apos;28080&apos;
2018-12-22 15:11:51.035 ��ʱ��778 ��־���ԣ�o.s.core.env.PropertySourcesPropertyResolver ��־����: DEBUG ��־���ݣ�Could not find key &apos;jdbc_driverClassName&apos; in any property source
2018-12-22 15:11:51.035 ��ʱ��778 ��־���ԣ�o.s.core.env.PropertySourcesPropertyResolver ��־����: DEBUG ��־���ݣ�Found key &apos;jdbc_driverClassName&apos; in [localProperties] with type [String] and value &apos;com.mysql.jdbc.Driver&apos;
2018-12-22 15:11:51.035 ��ʱ��778 ��־���ԣ�o.s.core.env.PropertySourcesPropertyResolver ��־����: DEBUG ��־���ݣ�Could not find key &apos;jdbc_url&apos; in any property source
2018-12-22 15:11:51.035 ��ʱ��778 ��־���ԣ�o.s.core.env.PropertySourcesPropertyResolver ��־����: DEBUG ��־���ݣ�Found key &apos;jdbc_url&apos; in [localProperties] with type [String] and value &apos;jdbc:mysql://119.3.21.168:9190/kpfsp?useUnicode=true&amp;characterEncoding=UTF-8&amp;useSSL=false&amp;autoReconnect=true&apos;
2018-12-22 15:11:51.036 ��ʱ��779 ��־���ԣ�o.s.core.env.PropertySourcesPropertyResolver ��־����: DEBUG ��־���ݣ�Could not find key &apos;jdbc_username&apos; in any property source
2018-12-22 15:11:51.036 ��ʱ��779 ��־���ԣ�o.s.core.env.PropertySourcesPropertyResolver ��־����: DEBUG ��־���ݣ�Found key &apos;jdbc_username&apos; in [localProperties] with type [String] and value &apos;root&apos;
2018-12-22 15:11:51.036 ��ʱ��779 ��־���ԣ�o.s.core.env.PropertySourcesPropertyResolver ��־����: DEBUG ��־���ݣ�Could not find key &apos;jdbc_password&apos; in any property source
2018-12-22 15:11:51.036 ��ʱ��779 ��־���ԣ�o.s.core.env.PropertySourcesPropertyResolver ��־����: DEBUG ��־���ݣ�Found key &apos;jdbc_password&apos; in [localProperties] with type [String] and value &apos;Nbsm741!+?&apos;
2018-12-22 15:11:51.037 ��ʱ��780 ��־���ԣ�o.s.core.env.PropertySourcesPropertyResolver ��־����: DEBUG ��־���ݣ�Could not find key &apos;validationQuery&apos; in any property source
2018-12-22 15:11:51.037 ��ʱ��780 ��־���ԣ�o.s.core.env.PropertySourcesPropertyResolver ��־����: DEBUG ��־���ݣ�Found key &apos;validationQuery&apos; in [localProperties] with type [String] and value &apos;SELECT 1&apos;
2018-12-22 15:11:51.039 ��ʱ��782 ��־���ԣ�o.s.b.factory.support.DefaultListableBeanFactory ��־����: DEBUG ��־���ݣ�Creating shared instance of singleton bean &apos;org.springframework.context.annotation.internalAutowiredAnnotationProcessor&apos;
2018-12-22 15:11:51.039 ��ʱ��782 ��־���ԣ�o.s.b.factory.support.DefaultListableBeanFactory ��־����: DEBUG ��־���ݣ�Creating instance of bean &apos;org.springframework.context.annotation.internalAutowiredAnnotationProcessor&apos;
2018-12-22 15:11:51.041 ��ʱ��784 ��־���ԣ�o.s.b.factory.support.DefaultListableBeanFactory ��־����: DEBUG ��־���ݣ�Eagerly caching bean &apos;org.springframework.context.annotation.internalAutowiredAnnotationProcessor&apos; to allow for resolving potential circular references
2018-12-22 15:11:51.041 ��ʱ��784 ��־���ԣ�o.s.b.factory.support.DefaultListableBeanFactory ��־����: DEBUG ��־���ݣ�Finished creating instance of bean &apos;org.springframework.context.annotation.internalAutowiredAnnotationProcessor&apos;
2018-12-22 15:11:51.041 ��ʱ��784 ��־���ԣ�o.s.b.factory.support.DefaultListableBeanFactory ��־����: DEBUG ��־���ݣ�Creating shared instance of singleton bean &apos;org.springframework.context.annotation.internalRequiredAnnotationProcessor&apos;
2018-12-22 15:11:51.041 ��ʱ��784 ��־���ԣ�o.s.b.factory.support.DefaultListableBeanFactory ��־����: DEBUG ��־���ݣ�Creating instance of bean &apos;org.springframework.context.annotation.internalRequiredAnnotationProcessor&apos;
2018-12-22 15:11:51.041 ��ʱ��784 ��־���ԣ�o.s.b.factory.support.DefaultListableBeanFactory ��־����: DEBUG ��־���ݣ�Eagerly caching bean &apos;org.springframework.context.annotation.internalRequiredAnnotationProcessor&apos; to allow for resolving potential circular references
2018-12-22 15:11:51.042 ��ʱ��785 ��־���ԣ�o.s.b.factory.support.DefaultListableBeanFactory ��־����: DEBUG ��־���ݣ�Finished creating instance of bean &apos;org.springframework.context.annotation.internalRequiredAnnotationProcessor&apos;
2018-12-22 15:11:51.042 ��ʱ��785 ��־���ԣ�o.s.b.factory.support.DefaultListableBeanFactory ��־����: DEBUG ��־���ݣ�Creating shared instance of singleton bean &apos;org.springframework.context.annotation.internalCommonAnnotationProcessor&apos;
2018-12-22 15:11:51.043 ��ʱ��786 ��־���ԣ�o.s.b.factory.support.DefaultListableBeanFactory ��־����: DEBUG ��־���ݣ�Creating instance of bean &apos;org.springframework.context.annotation.internalCommonAnnotationProcessor&apos;
2018-12-22 15:11:51.046 ��ʱ��789 ��־���ԣ�o.s.b.factory.support.DefaultListableBeanFactory ��־����: DEBUG ��־���ݣ�Eagerly caching bean &apos;org.springframework.context.annotation.internalCommonAnnotationProcessor&apos; to allow for resolving potential circular references
2018-12-22 15:11:51.046 ��ʱ��789 ��־���ԣ�o.s.b.factory.support.DefaultListableBeanFactory ��־����: DEBUG ��־���ݣ�Finished creating instance of bean &apos;org.springframework.context.annotation.internalCommonAnnotationProcessor&apos;
2018-12-22 15:11:51.046 ��ʱ��789 ��־���ԣ�o.s.b.factory.support.DefaultListableBeanFactory ��־����: DEBUG ��־���ݣ�Creating shared instance of singleton bean &apos;org.springframework.context.annotation.internalPersistenceAnnotationProcessor&apos;
2018-12-22 15:11:51.046 ��ʱ��789 ��־���ԣ�o.s.b.factory.support.DefaultListableBeanFactory ��־����: DEBUG ��־���ݣ�Creating instance of bean &apos;org.springframework.context.annotation.internalPersistenceAnnotationProcessor&apos;
2018-12-22 15:11:51.047 ��ʱ��790 ��־���ԣ�o.s.b.factory.support.DefaultListableBeanFactory ��־����: DEBUG ��־���ݣ�Eagerly caching bean &apos;org.springframework.context.annotation.internalPersistenceAnnotationProcessor&apos; to allow for resolving potential circular references
2018-12-22 15:11:51.047 ��ʱ��790 ��־���ԣ�o.s.b.factory.support.DefaultListableBeanFactory ��־����: DEBUG ��־���ݣ�Finished creating instance of bean &apos;org.springframework.context.annotation.internalPersistenceAnnotationProcessor&apos;
2018-12-22 15:11:51.048 ��ʱ��791 ��־���ԣ�o.s.b.factory.support.DefaultListableBeanFactory ��־����: DEBUG ��־���ݣ�Creating shared instance of singleton bean &apos;org.springframework.context.annotation.ConfigurationClassPostProcessor.importAwareProcessor&apos;
2018-12-22 15:11:51.048 ��ʱ��791 ��־���ԣ�o.s.b.factory.support.DefaultListableBeanFactory ��־����: DEBUG ��־���ݣ�Creating instance of bean &apos;org.springframework.context.annotation.ConfigurationClassPostProcessor.importAwareProcessor&apos;
2018-12-22 15:11:51.048 ��ʱ��791 ��־���ԣ�o.s.b.factory.support.DefaultListableBeanFactory ��־����: DEBUG ��־���ݣ�Eagerly caching bean &apos;org.springframework.context.annotation.ConfigurationClassPostProcessor.importAwareProcessor&apos; to allow for resolving potential circular references
2018-12-22 15:11:51.048 ��ʱ��791 ��־���ԣ�o.s.b.factory.support.DefaultListableBeanFactory ��־����: DEBUG ��־���ݣ�Finished creating instance of bean &apos;org.springframework.context.annotation.ConfigurationClassPostProcessor.importAwareProcessor&apos;
2018-12-22 15:11:51.048 ��ʱ��791 ��־���ԣ�o.s.b.factory.support.DefaultListableBeanFactory ��־����: DEBUG ��־���ݣ�Creating shared instance of singleton bean &apos;org.springframework.context.annotation.ConfigurationClassPostProcessor.enhancedConfigurationProcessor&apos;
2018-12-22 15:11:51.048 ��ʱ��791 ��־���ԣ�o.s.b.factory.support.DefaultListableBeanFactory ��־����: DEBUG ��־���ݣ�Creating instance of bean &apos;org.springframework.context.annotation.ConfigurationClassPostProcessor.enhancedConfigurationProcessor&apos;
2018-12-22 15:11:51.048 ��ʱ��791 ��־���ԣ�o.s.b.factory.support.DefaultListableBeanFactory ��־����: DEBUG ��־���ݣ�Eagerly caching bean &apos;org.springframework.context.annotation.ConfigurationClassPostProcessor.enhancedConfigurationProcessor&apos; to allow for resolving potential circular references
2018-12-22 15:11:51.048 ��ʱ��791 ��־���ԣ�o.s.b.factory.support.DefaultListableBeanFactory ��־����: DEBUG ��־���ݣ�Finished creating instance of bean &apos;org.springframework.context.annotation.ConfigurationClassPostProcessor.enhancedConfigurationProcessor&apos;
2018-12-22 15:11:51.049 ��ʱ��792 ��־���ԣ�o.s.b.factory.support.DefaultListableBeanFactory ��־����: DEBUG ��־���ݣ�Creating shared instance of singleton bean &apos;org.springframework.aop.config.internalAutoProxyCreator&apos;
2018-12-22 15:11:51.049 ��ʱ��792 ��־���ԣ�o.s.b.factory.support.DefaultListableBeanFactory ��־����: DEBUG ��־���ݣ�Creating instance of bean &apos;org.springframework.aop.config.internalAutoProxyCreator&apos;
2018-12-22 15:11:51.059 ��ʱ��802 ��־���ԣ�o.s.b.factory.support.DefaultListableBeanFactory ��־����: DEBUG ��־���ݣ�Eagerly caching bean &apos;org.springframework.aop.config.internalAutoProxyCreator&apos; to allow for resolving potential circular references
2018-12-22 15:11:51.069 ��ʱ��812 ��־���ԣ�o.s.b.factory.support.DefaultListableBeanFactory ��־����: DEBUG ��־���ݣ�Finished creating instance of bean &apos;org.springframework.aop.config.internalAutoProxyCreator&apos;
2018-12-22 15:11:51.071 ��ʱ��814 ��־���ԣ�o.s.context.support.GenericApplicationContext ��־����: DEBUG ��־���ݣ�Unable to locate MessageSource with name &apos;messageSource&apos;: using default [org.springframework.context.support.DelegatingMessageSource@69c81773]
2018-12-22 15:11:51.073 ��ʱ��816 ��־���ԣ�o.s.context.support.GenericApplicationContext ��־����: DEBUG ��־���ݣ�Unable to locate ApplicationEventMulticaster with name &apos;applicationEventMulticaster&apos;: using default [org.springframework.context.event.SimpleApplicationEventMulticaster@60f00693]
[...]
2018-12-22 15:11:51.120 ��ʱ��863 ��־���ԣ�o.s.b.factory.support.DefaultListableBeanFactory ��־����: DEBUG ��־���ݣ�Creating instance of bean &apos;com.msjf.finance.pas.facade.organ.OrganInfoFacade&apos;
2018-12-22 15:11:51.224 ��ʱ��967 ��־���ԣ�o.s.b.factory.support.DefaultListableBeanFactory ��־����: DEBUG ��־���ݣ�Eagerly caching bean &apos;com.msjf.finance.pas.facade.organ.OrganInfoFacade&apos; to allow for resolving potential circular references
2018-12-22 15:11:51.238 ��ʱ��981 ��־���ԣ�o.s.b.factory.support.DefaultListableBeanFactory ��־����: DEBUG ��־���ݣ�Creating shared instance of singleton bean &apos;organInfoFacade&apos;
2018-12-22 15:11:51.239 ��ʱ��982 ��־���ԣ�o.s.b.factory.support.DefaultListableBeanFactory ��־����: DEBUG ��־���ݣ�Creating instance of bean &apos;organInfoFacade&apos;
2018-12-22 15:11:51.241 ��ʱ��984 ��־���ԣ�o.s.beans.factory.annotation.InjectionMetadata ��־����: DEBUG ��־���ݣ�Registered injected element on class [com.msjf.finance.pas.modules.organ.facade.OrganInfoFacadeImpl]: ResourceElement for com.msjf.finance.pas.modules.organ.service.OrganInfoService com.msjf.finance.pas.modules.organ.facade.OrganInfoFacadeImpl.organInfoService
2018-12-22 15:11:51.241 ��ʱ��984 ��־���ԣ�o.s.b.factory.support.DefaultListableBeanFactory ��־����: DEBUG ��־���ݣ�Eagerly caching bean &apos;organInfoFacade&apos; to allow for resolving potential circular references
2018-12-22 15:11:51.242 ��ʱ��985 ��־���ԣ�o.s.beans.factory.annotation.InjectionMetadata ��־����: DEBUG ��־���ݣ�Processing injected element of bean &apos;organInfoFacade&apos;: ResourceElement for com.msjf.finance.pas.modules.organ.service.OrganInfoService com.msjf.finance.pas.modules.organ.facade.OrganInfoFacadeImpl.organInfoService
2018-12-22 15:11:51.243 ��ʱ��986 ��־���ԣ�o.s.b.factory.support.DefaultListableBeanFactory ��־����: DEBUG ��־���ݣ�Creating shared instance of singleton bean &apos;organInfoService&apos;
2018-12-22 15:11:51.243 ��ʱ��986 ��־���ԣ�o.s.b.factory.support.DefaultListableBeanFactory ��־����: DEBUG ��־���ݣ�Creating instance of bean &apos;organInfoService&apos;
2018-12-22 15:11:51.244 ��ʱ��987 ��־���ԣ�o.s.beans.factory.annotation.InjectionMetadata ��־����: DEBUG ��־���ݣ�Registered injected element on class [com.msjf.finance.pas.modules.organ.service.impl.OrganInfoServiceImpl]: ResourceElement for com.msjf.finance.pas.modules.organ.dao.OrganInfoDao com.msjf.finance.pas.modules.organ.service.impl.OrganInfoServiceImpl.organInfoDao
2018-12-22 15:11:51.244 ��ʱ��987 ��־���ԣ�o.s.b.factory.support.DefaultListableBeanFactory ��־����: DEBUG ��־���ݣ�Eagerly caching bean &apos;organInfoService&apos; to allow for resolving potential circular references
2018-12-22 15:11:51.245 ��ʱ��988 ��־���ԣ�o.s.beans.factory.annotation.InjectionMetadata ��־����: DEBUG ��־���ݣ�Processing injected element of bean &apos;organInfoService&apos;: ResourceElement for com.msjf.finance.pas.modules.organ.dao.OrganInfoDao com.msjf.finance.pas.modules.organ.service.impl.OrganInfoServiceImpl.organInfoDao
2018-12-22 15:11:51.253 ��ʱ��996 ��־���ԣ�org.apache.ibatis.logging.LogFactory ��־����: DEBUG ��־���ݣ�Logging initialized using &apos;class org.apache.ibatis.logging.slf4j.Slf4jImpl&apos; adapter.
2018-12-22 15:11:51.255 ��ʱ��998 ��־���ԣ�o.s.context.support.GenericApplicationContext ��־����: WARN  ��־���ݣ�Exception encountered during context initialization - cancelling refresh attempt: org.springframework.beans.factory.BeanCreationException: Error creating bean with name &apos;com.msjf.finance.pas.facade.organ.OrganInfoFacade&apos;: Cannot resolve reference to bean &apos;organInfoFacade&apos; while setting bean property &apos;ref&apos;; nested exception is org.springframework.beans.factory.BeanCreationException: Error creating bean with name &apos;organInfoFacade&apos;: Injection of resource dependencies failed; nested exception is org.springframework.beans.factory.BeanCreationException: Error creating bean with name &apos;organInfoService&apos;: Injection of resource dependencies failed; nested exception is org.springframework.beans.factory.NoSuchBeanDefinitionException: No qualifying bean of type [com.msjf.finance.pas.modules.organ.dao.OrganInfoDao] found for dependency [com.msjf.finance.pas.modules.organ.dao.OrganInfoDao]: expected at least 1 bean which qualifies as autowire candidate for this dependency. Dependency annotations: {@javax.annotation.Resource(shareable=true, lookup=, name=, description=, authenticationType=CONTAINER, type=class java.lang.Object, mappedName=)}
2018-12-22 15:11:51.255 ��ʱ��998 ��־���ԣ�o.s.b.factory.support.DefaultListableBeanFactory ��־����: DEBUG ��־���ݣ�Destroying singletons in org.springframework.beans.factory.support.DefaultListableBeanFactory@68e5eea7: defining beans [org.springframework.context.support.PropertySourcesPlaceholderConfigurer#0,org.springframework.context.annotation.internalConfigurationAnnotationProcessor,org.springframework.context.annotation.internalAutowiredAnnotationProcessor,org.springframework.context.annotation.internalRequiredAnnotationProcessor,org.springframework.context.annotation.internalCommonAnnotationProcessor,org.springframework.context.annotation.internalPersistenceAnnotationProcessor,org.springframework.context.event.internalEventListenerProcessor,org.springframework.context.event.internalEventListenerFactory,organInfoFacade,organInfoService,com.alibaba.dubbo.config.RegistryConfig,${application},com.alibaba.dubbo.config.RegistryConfig2,dubbo,com.msjf.finance.pas.facade.organ.OrganInfoFacade,dataSource,sqlSessionFactory,tk.mybatis.spring.mapper.MapperScannerConfigurer#0,transactionManager,sqlSessionTemplate,org.springframework.transaction.config.internalTransactionalEventListenerFactory,org.springframework.aop.config.internalAutoProxyCreator,org.springframework.transaction.annotation.AnnotationTransactionAttributeSource#0,org.springframework.transaction.interceptor.TransactionInterceptor#0,org.springframework.transaction.config.internalTransactionAdvisor,org.springframework.context.annotation.ConfigurationClassPostProcessor.importAwareProcessor,org.springframework.context.annotation.ConfigurationClassPostProcessor.enhancedConfigurationProcessor]; root of factory hierarchy
2018-12-22 15:11:51.257 ��ʱ��1000 ��־���ԣ�o.springframework.test.context.TestContextManager ��־����: ERROR ��־���ݣ�Caught exception while allowing TestExecutionListener [org.springframework.test.context.support.DependencyInjectionTestExecutionListener@1d7acb34] to prepare test instance [organ.OrganInfoFacadeTest@101df177]
java.lang.IllegalStateException: Failed to load ApplicationContext
	at org.springframework.test.context.cache.DefaultCacheAwareContextLoaderDelegate.loadContext(DefaultCacheAwareContextLoaderDelegate.java:124)
	at org.springframework.test.context.support.DefaultTestContext.getApplicationContext(DefaultTestContext.java:83)
	at org.springframework.test.context.support.DependencyInjectionTestExecutionListener.injectDependencies(DependencyInjectionTestExecutionListener.java:117)
	at org.springframework.test.context.support.DependencyInjectionTestExecutionListener.prepareTestInstance(DependencyInjectionTestExecutionListener.java:83)
	at org.springframework.test.context.TestContextManager.prepareTestInstance(TestContextManager.java:230)
	at org.springframework.test.context.junit4.SpringJUnit4ClassRunner.createTest(SpringJUnit4ClassRunner.java:228)
	at org.springframework.test.context.junit4.SpringJUnit4ClassRunner$1.runReflectiveCall(SpringJUnit4ClassRunner.java:287)
	at org.junit.internal.runners.model.ReflectiveCallable.run(ReflectiveCallable.java:12)
	at org.springframework.test.context.junit4.SpringJUnit4ClassRunner.methodBlock(SpringJUnit4ClassRunner.java:289)
	at org.springframework.test.context.junit4.SpringJUnit4ClassRunner.runChild(SpringJUnit4ClassRunner.java:247)
	at org.springframework.test.context.junit4.SpringJUnit4ClassRunner.runChild(SpringJUnit4ClassRunner.java:94)
	at org.junit.runners.ParentRunner$3.run(ParentRunner.java:290)
	at org.junit.runners.ParentRunner$1.schedule(ParentRunner.java:71)
	at org.junit.runners.ParentRunner.runChildren(ParentRunner.java:288)
	at org.junit.runners.ParentRunner.access$000(ParentRunner.java:58)
	at org.junit.runners.ParentRunner$2.evaluate(ParentRunner.java:268)
	at org.junit.internal.runners.statements.RunBefores.evaluate(RunBefores.java:26)
	at org.springframework.test.context.junit4.statements.RunBeforeTestClassCallbacks.evaluate(RunBeforeTestClassCallbacks.java:61)
	at org.junit.internal.runners.statements.RunAfters.evaluate(RunAfters.java:27)
	at org.springframework.test.context.junit4.statements.RunAfterTestClassCallbacks.evaluate(RunAfterTestClassCallbacks.java:70)
	at org.junit.runners.ParentRunner.run(ParentRunner.java:363)
	at org.springframework.test.context.junit4.SpringJUnit4ClassRunner.run(SpringJUnit4ClassRunner.java:191)
	at org.apache.maven.surefire.junit4.JUnit4Provider.execute(JUnit4Provider.java:252)
	at org.apache.maven.surefire.junit4.JUnit4Provider.executeTestSet(JUnit4Provider.java:141)
	at org.apache.maven.surefire.junit4.JUnit4Provider.invoke(JUnit4Provider.java:112)
	at sun.reflect.NativeMethodAccessorImpl.invoke0(Native Method)
	at sun.reflect.NativeMethodAccessorImpl.invoke(NativeMethodAccessorImpl.java:62)
	at sun.reflect.DelegatingMethodAccessorImpl.invoke(DelegatingMethodAccessorImpl.java:43)
	at java.lang.reflect.Method.invoke(Method.java:498)
	at org.apache.maven.surefire.util.ReflectionUtils.invokeMethodWithArray(ReflectionUtils.java:189)
	at org.apache.maven.surefire.booter.ProviderFactory$ProviderProxy.invoke(ProviderFactory.java:165)
	at org.apache.maven.surefire.booter.ProviderFactory.invokeProvider(ProviderFactory.java:85)
	at org.apache.maven.surefire.booter.ForkedBooter.runSuitesInProcess(ForkedBooter.java:115)
	at org.apache.maven.surefire.booter.ForkedBooter.main(ForkedBooter.java:75)
Caused by: org.springframework.beans.factory.BeanCreationException: Error creating bean with name &apos;com.msjf.finance.pas.facade.organ.OrganInfoFacade&apos;: Cannot resolve reference to bean &apos;organInfoFacade&apos; while setting bean property &apos;ref&apos;; nested exception is org.springframework.beans.factory.BeanCreationException: Error creating bean with name &apos;organInfoFacade&apos;: Injection of resource dependencies failed; nested exception is org.springframework.beans.factory.BeanCreationException: Error creating bean with name &apos;organInfoService&apos;: Injection of resource dependencies failed; nested exception is org.springframework.beans.factory.NoSuchBeanDefinitionException: No qualifying bean of type [com.msjf.finance.pas.modules.organ.dao.OrganInfoDao] found for dependency [com.msjf.finance.pas.modules.organ.dao.OrganInfoDao]: expected at least 1 bean which qualifies as autowire candidate for this dependency. Dependency annotations: {@javax.annotation.Resource(shareable=true, lookup=, name=, description=, authenticationType=CONTAINER, type=class java.lang.Object, mappedName=)}
	at org.springframework.beans.factory.support.BeanDefinitionValueResolver.resolveReference(BeanDefinitionValueResolver.java:359)
	at org.springframework.beans.factory.support.BeanDefinitionValueResolver.resolveValueIfNecessary(BeanDefinitionValueResolver.java:108)
	at org.springframework.beans.factory.support.AbstractAutowireCapableBeanFactory.applyPropertyValues(AbstractAutowireCapableBeanFactory.java:1481)
	at org.springframework.beans.factory.support.AbstractAutowireCapableBeanFactory.populateBean(AbstractAutowireCapableBeanFactory.java:1226)
	at org.springframework.beans.factory.support.AbstractAutowireCapableBeanFactory.doCreateBean(AbstractAutowireCapableBeanFactory.java:543)
	at org.springframework.beans.factory.support.AbstractAutowireCapableBeanFactory.createBean(AbstractAutowireCapableBeanFactory.java:482)
	at org.springframework.beans.factory.support.AbstractBeanFactory$1.getObject(AbstractBeanFactory.java:306)
	at org.springframework.beans.factory.support.DefaultSingletonBeanRegistry.getSingleton(DefaultSingletonBeanRegistry.java:230)
	at org.springframework.beans.factory.support.AbstractBeanFactory.doGetBean(AbstractBeanFactory.java:302)
	at org.springframework.beans.factory.support.AbstractBeanFactory.getBean(AbstractBeanFactory.java:197)
	at org.springframework.beans.factory.support.DefaultListableBeanFactory.preInstantiateSingletons(DefaultListableBeanFactory.java:776)
	at org.springframework.context.support.AbstractApplicationContext.finishBeanFactoryInitialization(AbstractApplicationContext.java:861)
	at org.springframework.context.support.AbstractApplicationContext.refresh(AbstractApplicationContext.java:541)
	at org.springframework.test.context.support.AbstractGenericContextLoader.loadContext(AbstractGenericContextLoader.java:128)
	at org.springframework.test.context.support.AbstractGenericContextLoader.loadContext(AbstractGenericContextLoader.java:60)
	at org.springframework.test.context.support.AbstractDelegatingSmartContextLoader.delegateLoading(AbstractDelegatingSmartContextLoader.java:108)
	at org.springframework.test.context.support.AbstractDelegatingSmartContextLoader.loadContext(AbstractDelegatingSmartContextLoader.java:251)
	at org.springframework.test.context.cache.DefaultCacheAwareContextLoaderDelegate.loadContextInternal(DefaultCacheAwareContextLoaderDelegate.java:98)
	at org.springframework.test.context.cache.DefaultCacheAwareContextLoaderDelegate.loadContext(DefaultCacheAwareContextLoaderDelegate.java:116)
	... 33 common frames omitted
Caused by: org.springframework.beans.factory.BeanCreationException: Error creating bean with name &apos;organInfoFacade&apos;: Injection of resource dependencies failed; nested exception is org.springframework.beans.factory.BeanCreationException: Error creating bean with name &apos;organInfoService&apos;: Injection of resource dependencies failed; nested exception is org.springframework.beans.factory.NoSuchBeanDefinitionException: No qualifying bean of type [com.msjf.finance.pas.modules.organ.dao.OrganInfoDao] found for dependency [com.msjf.finance.pas.modules.organ.dao.OrganInfoDao]: expected at least 1 bean which qualifies as autowire candidate for this dependency. Dependency annotations: {@javax.annotation.Resource(shareable=true, lookup=, name=, description=, authenticationType=CONTAINER, type=class java.lang.Object, mappedName=)}
	at org.springframework.context.annotation.CommonAnnotationBeanPostProcessor.postProcessPropertyValues(CommonAnnotationBeanPostProcessor.java:321)
	at org.springframework.beans.factory.support.AbstractAutowireCapableBeanFactory.populateBean(AbstractAutowireCapableBeanFactory.java:1214)
	at org.springframework.beans.factory.support.AbstractAutowireCapableBeanFactory.doCreateBean(AbstractAutowireCapableBeanFactory.java:543)
	at org.springframework.beans.factory.support.AbstractAutowireCapableBeanFactory.createBean(AbstractAutowireCapableBeanFactory.java:482)
	at org.springframework.beans.factory.support.AbstractBeanFactory$1.getObject(AbstractBeanFactory.java:306)
	at org.springframework.beans.factory.support.DefaultSingletonBeanRegistry.getSingleton(DefaultSingletonBeanRegistry.java:230)
	at org.springframework.beans.factory.support.AbstractBeanFactory.doGetBean(AbstractBeanFactory.java:302)
	at org.springframework.beans.factory.support.AbstractBeanFactory.getBean(AbstractBeanFactory.java:197)
	at org.springframework.beans.factory.support.BeanDefinitionValueResolver.resolveReference(BeanDefinitionValueResolver.java:351)
	... 51 common frames omitted
Caused by: org.springframework.beans.factory.BeanCreationException: Error creating bean with name &apos;organInfoService&apos;: Injection of resource dependencies failed; nested exception is org.springframework.beans.factory.NoSuchBeanDefinitionException: No qualifying bean of type [com.msjf.finance.pas.modules.organ.dao.OrganInfoDao] found for dependency [com.msjf.finance.pas.modules.organ.dao.OrganInfoDao]: expected at least 1 bean which qualifies as autowire candidate for this dependency. Dependency annotations: {@javax.annotation.Resource(shareable=true, lookup=, name=, description=, authenticationType=CONTAINER, type=class java.lang.Object, mappedName=)}
	at org.springframework.context.annotation.CommonAnnotationBeanPostProcessor.postProcessPropertyValues(CommonAnnotationBeanPostProcessor.java:321)
	at org.springframework.beans.factory.support.AbstractAutowireCapableBeanFactory.populateBean(AbstractAutowireCapableBeanFactory.java:1214)
	at org.springframework.beans.factory.support.AbstractAutowireCapableBeanFactory.doCreateBean(AbstractAutowireCapableBeanFactory.java:543)
	at org.springframework.beans.factory.support.AbstractAutowireCapableBeanFactory.createBean(AbstractAutowireCapableBeanFactory.java:482)
	at org.springframework.beans.factory.support.AbstractBeanFactory$1.getObject(AbstractBeanFactory.java:306)
	at org.springframework.beans.factory.support.DefaultSingletonBeanRegistry.getSingleton(DefaultSingletonBeanRegistry.java:230)
	at org.springframework.beans.factory.support.AbstractBeanFactory.doGetBean(AbstractBeanFactory.java:302)
	at org.springframework.beans.factory.support.AbstractBeanFactory.getBean(AbstractBeanFactory.java:202)
	at org.springframework.context.annotation.CommonAnnotationBeanPostProcessor.autowireResource(CommonAnnotationBeanPostProcessor.java:522)
	at org.springframework.context.annotation.CommonAnnotationBeanPostProcessor.getResource(CommonAnnotationBeanPostProcessor.java:496)
	at org.springframework.context.annotation.CommonAnnotationBeanPostProcessor$ResourceElement.getResourceToInject(CommonAnnotationBeanPostProcessor.java:627)
	at org.springframework.beans.factory.annotation.InjectionMetadata$InjectedElement.inject(InjectionMetadata.java:169)
	at org.springframework.beans.factory.annotation.InjectionMetadata.inject(InjectionMetadata.java:88)
	at org.springframework.context.annotation.CommonAnnotationBeanPostProcessor.postProcessPropertyValues(CommonAnnotationBeanPostProcessor.java:318)
	... 59 common frames omitted
Caused by: org.springframework.beans.factory.NoSuchBeanDefinitionException: No qualifying bean of type [com.msjf.finance.pas.modules.organ.dao.OrganInfoDao] found for dependency [com.msjf.finance.pas.modules.organ.dao.OrganInfoDao]: expected at least 1 bean which qualifies as autowire candidate for this dependency. Dependency annotations: {@javax.annotation.Resource(shareable=true, lookup=, name=, description=, authenticationType=CONTAINER, type=class java.lang.Object, mappedName=)}
	at org.springframework.beans.factory.support.DefaultListableBeanFactory.raiseNoMatchingBeanFound(DefaultListableBeanFactory.java:1406)
	at org.springframework.beans.factory.support.DefaultListableBeanFactory.doResolveDependency(DefaultListableBeanFactory.java:1057)
	at org.springframework.beans.factory.support.DefaultListableBeanFactory.resolveDependency(DefaultListableBeanFactory.java:1019)
	at org.springframework.context.annotation.CommonAnnotationBeanPostProcessor.autowireResource(CommonAnnotationBeanPostProcessor.java:518)
	at org.springframework.context.annotation.CommonAnnotationBeanPostProcessor.getResource(CommonAnnotationBeanPostProcessor.java:496)
	at org.springframework.context.annotation.CommonAnnotationBeanPostProcessor$ResourceElement.getResourceToInject(CommonAnnotationBeanPostProcessor.java:627)
	at org.springframework.beans.factory.annotation.InjectionMetadata$InjectedElement.inject(InjectionMetadata.java:169)
	at org.springframework.beans.factory.annotation.InjectionMetadata.inject(InjectionMetadata.java:88)
	at org.springframework.context.annotation.CommonAnnotationBeanPostProcessor.postProcessPropertyValues(CommonAnnotationBeanPostProcessor.java:318)
	... 72 common frames omitted
</system-out>
    <system-err>log4j:WARN No appenders could be found for logger (com.alibaba.dubbo.common.logger.LoggerFactory).
log4j:WARN Please initialize the log4j system properly.
</system-err>
  </testcase>
</testsuite>